1.13.0+cu117
GPUs:1
/samoa/data/smrserraoseabr/NO-DA
Using cuda for training
Memory usage: 3 GB
preprocessing finished, time used: 0.0007924230303615332
Memory usage: 14 GB
epoch 0 of 300
ep 0: t=72.078, train_mse=7.768e-01, train_l2=6.960e-02, test_l2=6.759e-02, test_mse=6.947e-01
epoch 1 of 300
ep 1: t=71.592, train_mse=7.223e-01, train_l2=6.629e-02, test_l2=6.605e-02, test_mse=6.578e-01
epoch 2 of 300
ep 2: t=71.841, train_mse=6.174e-01, train_l2=5.950e-02, test_l2=4.444e-02, test_mse=3.477e-01
epoch 3 of 300
ep 3: t=71.977, train_mse=4.279e-01, train_l2=4.337e-02, test_l2=4.100e-02, test_mse=3.141e-01
epoch 4 of 300
ep 4: t=71.862, train_mse=3.969e-01, train_l2=4.105e-02, test_l2=3.664e-02, test_mse=2.737e-01
epoch 5 of 300
ep 5: t=71.807, train_mse=3.466e-01, train_l2=3.680e-02, test_l2=3.363e-02, test_mse=2.440e-01
epoch 6 of 300
ep 6: t=71.727, train_mse=3.281e-01, train_l2=3.560e-02, test_l2=3.331e-02, test_mse=2.350e-01
epoch 7 of 300
ep 7: t=71.824, train_mse=3.167e-01, train_l2=3.484e-02, test_l2=3.374e-02, test_mse=2.340e-01
epoch 8 of 300
ep 8: t=71.714, train_mse=2.999e-01, train_l2=3.364e-02, test_l2=3.285e-02, test_mse=2.235e-01
epoch 9 of 300
ep 9: t=71.867, train_mse=2.877e-01, train_l2=3.304e-02, test_l2=3.217e-02, test_mse=2.217e-01
epoch 10 of 300
ep 10: t=72.081, train_mse=2.763e-01, train_l2=3.260e-02, test_l2=3.252e-02, test_mse=2.174e-01
epoch 11 of 300
ep 11: t=72.192, train_mse=2.639e-01, train_l2=3.209e-02, test_l2=3.161e-02, test_mse=2.125e-01
epoch 12 of 300
ep 12: t=71.885, train_mse=2.447e-01, train_l2=3.107e-02, test_l2=3.118e-02, test_mse=2.119e-01
epoch 13 of 300
ep 13: t=71.890, train_mse=2.316e-01, train_l2=3.031e-02, test_l2=3.095e-02, test_mse=2.076e-01
epoch 14 of 300
ep 14: t=71.968, train_mse=2.177e-01, train_l2=2.972e-02, test_l2=3.039e-02, test_mse=2.092e-01
epoch 15 of 300
ep 15: t=71.919, train_mse=2.074e-01, train_l2=2.904e-02, test_l2=3.116e-02, test_mse=2.217e-01
epoch 16 of 300
ep 16: t=71.854, train_mse=2.267e-01, train_l2=2.993e-02, test_l2=2.981e-02, test_mse=2.021e-01
epoch 17 of 300
ep 17: t=71.870, train_mse=2.117e-01, train_l2=2.940e-02, test_l2=3.003e-02, test_mse=2.059e-01
epoch 18 of 300
ep 18: t=72.076, train_mse=2.053e-01, train_l2=2.934e-02, test_l2=2.847e-02, test_mse=1.861e-01
epoch 19 of 300
ep 19: t=71.845, train_mse=1.787e-01, train_l2=2.768e-02, test_l2=2.953e-02, test_mse=1.935e-01
epoch 20 of 300
ep 20: t=72.153, train_mse=1.662e-01, train_l2=2.668e-02, test_l2=2.776e-02, test_mse=1.791e-01
epoch 21 of 300
ep 21: t=72.125, train_mse=1.628e-01, train_l2=2.599e-02, test_l2=2.699e-02, test_mse=1.687e-01
epoch 22 of 300
ep 22: t=72.127, train_mse=1.556e-01, train_l2=2.628e-02, test_l2=2.843e-02, test_mse=1.823e-01
epoch 23 of 300
ep 23: t=71.857, train_mse=1.491e-01, train_l2=2.588e-02, test_l2=2.829e-02, test_mse=1.753e-01
epoch 24 of 300
ep 24: t=71.800, train_mse=1.512e-01, train_l2=2.634e-02, test_l2=2.757e-02, test_mse=1.581e-01
epoch 25 of 300
ep 25: t=71.799, train_mse=1.386e-01, train_l2=2.560e-02, test_l2=2.726e-02, test_mse=1.615e-01
epoch 26 of 300
ep 26: t=71.917, train_mse=1.205e-01, train_l2=2.404e-02, test_l2=2.621e-02, test_mse=1.588e-01
epoch 27 of 300
ep 27: t=71.926, train_mse=1.224e-01, train_l2=2.470e-02, test_l2=2.778e-02, test_mse=1.575e-01
epoch 28 of 300
ep 28: t=71.901, train_mse=1.112e-01, train_l2=2.367e-02, test_l2=2.784e-02, test_mse=1.755e-01
epoch 29 of 300
ep 29: t=71.893, train_mse=1.489e-01, train_l2=2.595e-02, test_l2=2.989e-02, test_mse=1.778e-01
epoch 30 of 300
ep 30: t=72.326, train_mse=1.381e-01, train_l2=2.620e-02, test_l2=2.723e-02, test_mse=1.687e-01
epoch 31 of 300
ep 31: t=72.208, train_mse=1.115e-01, train_l2=2.381e-02, test_l2=2.703e-02, test_mse=1.650e-01
epoch 32 of 300
ep 32: t=72.309, train_mse=1.167e-01, train_l2=2.481e-02, test_l2=2.764e-02, test_mse=1.648e-01
epoch 33 of 300
ep 33: t=72.247, train_mse=1.114e-01, train_l2=2.292e-02, test_l2=2.612e-02, test_mse=1.532e-01
epoch 34 of 300
ep 34: t=72.394, train_mse=9.905e-02, train_l2=2.227e-02, test_l2=2.651e-02, test_mse=1.667e-01
epoch 35 of 300
ep 35: t=72.305, train_mse=9.740e-02, train_l2=2.245e-02, test_l2=2.743e-02, test_mse=1.561e-01
epoch 36 of 300
ep 36: t=72.334, train_mse=1.048e-01, train_l2=2.282e-02, test_l2=2.701e-02, test_mse=1.574e-01
epoch 37 of 300
ep 37: t=72.191, train_mse=9.144e-02, train_l2=2.193e-02, test_l2=2.644e-02, test_mse=1.468e-01
epoch 38 of 300
ep 38: t=72.176, train_mse=8.753e-02, train_l2=2.209e-02, test_l2=2.656e-02, test_mse=1.562e-01
epoch 39 of 300
ep 39: t=72.247, train_mse=9.812e-02, train_l2=2.305e-02, test_l2=2.717e-02, test_mse=1.620e-01
epoch 40 of 300
ep 40: t=72.436, train_mse=9.911e-02, train_l2=2.417e-02, test_l2=2.840e-02, test_mse=1.782e-01
epoch 41 of 300
ep 41: t=72.322, train_mse=9.399e-02, train_l2=2.203e-02, test_l2=2.759e-02, test_mse=1.765e-01
epoch 42 of 300
ep 42: t=72.122, train_mse=8.430e-02, train_l2=2.143e-02, test_l2=2.778e-02, test_mse=1.639e-01
epoch 43 of 300
ep 43: t=72.156, train_mse=8.323e-02, train_l2=2.118e-02, test_l2=2.622e-02, test_mse=1.590e-01
epoch 44 of 300
ep 44: t=72.200, train_mse=9.724e-02, train_l2=2.172e-02, test_l2=2.673e-02, test_mse=1.617e-01
epoch 45 of 300
ep 45: t=72.328, train_mse=8.512e-02, train_l2=2.145e-02, test_l2=2.605e-02, test_mse=1.589e-01
epoch 46 of 300
ep 46: t=72.180, train_mse=7.524e-02, train_l2=2.092e-02, test_l2=2.752e-02, test_mse=1.731e-01
epoch 47 of 300
ep 47: t=72.158, train_mse=9.079e-02, train_l2=2.199e-02, test_l2=2.735e-02, test_mse=1.607e-01
epoch 48 of 300
ep 48: t=72.141, train_mse=7.762e-02, train_l2=2.045e-02, test_l2=2.675e-02, test_mse=1.623e-01
epoch 49 of 300
ep 49: t=72.393, train_mse=7.115e-02, train_l2=1.973e-02, test_l2=2.528e-02, test_mse=1.538e-01
epoch 50 of 300
ep 50: t=72.495, train_mse=7.514e-02, train_l2=2.024e-02, test_l2=2.590e-02, test_mse=1.556e-01
epoch 51 of 300
ep 51: t=72.720, train_mse=6.723e-02, train_l2=2.003e-02, test_l2=2.626e-02, test_mse=1.687e-01
epoch 52 of 300
ep 52: t=72.370, train_mse=7.918e-02, train_l2=2.021e-02, test_l2=2.557e-02, test_mse=1.508e-01
epoch 53 of 300
ep 53: t=72.445, train_mse=6.863e-02, train_l2=2.008e-02, test_l2=2.742e-02, test_mse=1.571e-01
epoch 54 of 300
ep 54: t=72.688, train_mse=7.347e-02, train_l2=2.057e-02, test_l2=2.624e-02, test_mse=1.634e-01
epoch 55 of 300
ep 55: t=72.698, train_mse=5.969e-02, train_l2=1.867e-02, test_l2=2.536e-02, test_mse=1.552e-01
epoch 56 of 300
ep 56: t=72.720, train_mse=6.325e-02, train_l2=1.914e-02, test_l2=2.615e-02, test_mse=1.512e-01
epoch 57 of 300
ep 57: t=72.573, train_mse=6.954e-02, train_l2=1.966e-02, test_l2=2.622e-02, test_mse=1.553e-01
epoch 58 of 300
ep 58: t=72.327, train_mse=7.492e-02, train_l2=2.066e-02, test_l2=2.563e-02, test_mse=1.508e-01
epoch 59 of 300
ep 59: t=72.197, train_mse=6.448e-02, train_l2=1.944e-02, test_l2=2.744e-02, test_mse=1.575e-01
epoch 60 of 300
ep 60: t=72.427, train_mse=7.348e-02, train_l2=2.051e-02, test_l2=2.685e-02, test_mse=1.624e-01
epoch 61 of 300
ep 61: t=72.407, train_mse=6.308e-02, train_l2=1.917e-02, test_l2=2.610e-02, test_mse=1.606e-01
epoch 62 of 300
ep 62: t=72.142, train_mse=5.812e-02, train_l2=1.822e-02, test_l2=2.503e-02, test_mse=1.520e-01
epoch 63 of 300
ep 63: t=72.431, train_mse=5.648e-02, train_l2=1.841e-02, test_l2=2.594e-02, test_mse=1.555e-01
epoch 64 of 300
ep 64: t=72.287, train_mse=5.724e-02, train_l2=1.842e-02, test_l2=2.634e-02, test_mse=1.507e-01
epoch 65 of 300
ep 65: t=72.180, train_mse=5.751e-02, train_l2=1.824e-02, test_l2=2.584e-02, test_mse=1.557e-01
epoch 66 of 300
ep 66: t=72.157, train_mse=5.149e-02, train_l2=1.766e-02, test_l2=2.622e-02, test_mse=1.498e-01
epoch 67 of 300
ep 67: t=72.661, train_mse=5.213e-02, train_l2=1.778e-02, test_l2=2.578e-02, test_mse=1.460e-01
epoch 68 of 300
ep 68: t=72.688, train_mse=5.497e-02, train_l2=1.836e-02, test_l2=2.718e-02, test_mse=1.636e-01
epoch 69 of 300
ep 69: t=72.298, train_mse=5.528e-02, train_l2=1.878e-02, test_l2=2.765e-02, test_mse=1.765e-01
epoch 70 of 300
ep 70: t=72.170, train_mse=5.615e-02, train_l2=1.880e-02, test_l2=2.761e-02, test_mse=1.690e-01
epoch 71 of 300
ep 71: t=72.240, train_mse=5.940e-02, train_l2=1.866e-02, test_l2=2.661e-02, test_mse=1.603e-01
epoch 72 of 300
ep 72: t=72.011, train_mse=5.025e-02, train_l2=1.796e-02, test_l2=2.625e-02, test_mse=1.477e-01
epoch 73 of 300
ep 73: t=72.131, train_mse=5.856e-02, train_l2=1.909e-02, test_l2=2.820e-02, test_mse=1.687e-01
epoch 74 of 300
ep 74: t=72.156, train_mse=5.759e-02, train_l2=1.882e-02, test_l2=2.669e-02, test_mse=1.594e-01
epoch 75 of 300
ep 75: t=72.242, train_mse=4.794e-02, train_l2=1.764e-02, test_l2=2.658e-02, test_mse=1.547e-01
epoch 76 of 300
ep 76: t=72.127, train_mse=5.097e-02, train_l2=1.800e-02, test_l2=2.604e-02, test_mse=1.520e-01
epoch 77 of 300
ep 77: t=72.274, train_mse=5.975e-02, train_l2=1.924e-02, test_l2=2.712e-02, test_mse=1.495e-01
epoch 78 of 300
ep 78: t=72.308, train_mse=6.191e-02, train_l2=1.919e-02, test_l2=2.597e-02, test_mse=1.511e-01
epoch 79 of 300
ep 79: t=72.252, train_mse=5.127e-02, train_l2=1.756e-02, test_l2=2.707e-02, test_mse=1.756e-01
epoch 80 of 300
ep 80: t=72.343, train_mse=5.051e-02, train_l2=1.741e-02, test_l2=2.684e-02, test_mse=1.654e-01
epoch 81 of 300
ep 81: t=72.134, train_mse=4.582e-02, train_l2=1.659e-02, test_l2=2.561e-02, test_mse=1.522e-01
epoch 82 of 300
ep 82: t=72.109, train_mse=4.712e-02, train_l2=1.692e-02, test_l2=2.724e-02, test_mse=1.660e-01
epoch 83 of 300
ep 83: t=72.063, train_mse=4.524e-02, train_l2=1.695e-02, test_l2=2.716e-02, test_mse=1.562e-01
epoch 84 of 300
ep 84: t=72.142, train_mse=4.333e-02, train_l2=1.649e-02, test_l2=2.612e-02, test_mse=1.475e-01
epoch 85 of 300
ep 85: t=72.129, train_mse=4.111e-02, train_l2=1.605e-02, test_l2=2.578e-02, test_mse=1.417e-01
epoch 86 of 300
ep 86: t=72.190, train_mse=4.238e-02, train_l2=1.585e-02, test_l2=2.567e-02, test_mse=1.515e-01
epoch 87 of 300
ep 87: t=72.126, train_mse=4.210e-02, train_l2=1.572e-02, test_l2=2.533e-02, test_mse=1.413e-01
epoch 88 of 300
ep 88: t=72.169, train_mse=4.276e-02, train_l2=1.614e-02, test_l2=2.585e-02, test_mse=1.627e-01
epoch 89 of 300
ep 89: t=72.133, train_mse=4.247e-02, train_l2=1.639e-02, test_l2=2.672e-02, test_mse=1.633e-01
epoch 90 of 300
ep 90: t=72.172, train_mse=4.307e-02, train_l2=1.642e-02, test_l2=2.559e-02, test_mse=1.437e-01
epoch 91 of 300
ep 91: t=72.075, train_mse=4.210e-02, train_l2=1.635e-02, test_l2=2.616e-02, test_mse=1.511e-01
epoch 92 of 300
ep 92: t=72.266, train_mse=3.935e-02, train_l2=1.575e-02, test_l2=2.508e-02, test_mse=1.420e-01
epoch 93 of 300
ep 93: t=72.247, train_mse=3.982e-02, train_l2=1.529e-02, test_l2=2.492e-02, test_mse=1.426e-01
epoch 94 of 300
ep 94: t=72.273, train_mse=4.152e-02, train_l2=1.550e-02, test_l2=2.547e-02, test_mse=1.439e-01
epoch 95 of 300
ep 95: t=72.235, train_mse=4.048e-02, train_l2=1.599e-02, test_l2=2.551e-02, test_mse=1.464e-01
epoch 96 of 300
ep 96: t=72.291, train_mse=4.832e-02, train_l2=1.777e-02, test_l2=2.720e-02, test_mse=1.529e-01
epoch 97 of 300
ep 97: t=72.242, train_mse=4.294e-02, train_l2=1.642e-02, test_l2=2.650e-02, test_mse=1.621e-01
epoch 98 of 300
ep 98: t=72.333, train_mse=4.985e-02, train_l2=1.799e-02, test_l2=2.646e-02, test_mse=1.570e-01
epoch 99 of 300
ep 99: t=72.433, train_mse=4.176e-02, train_l2=1.645e-02, test_l2=2.515e-02, test_mse=1.401e-01
epoch 100 of 300
ep 100: t=72.594, train_mse=3.797e-02, train_l2=1.539e-02, test_l2=2.639e-02, test_mse=1.419e-01
epoch 101 of 300
ep 101: t=72.161, train_mse=3.558e-02, train_l2=1.525e-02, test_l2=2.655e-02, test_mse=1.560e-01
epoch 102 of 300
ep 102: t=72.526, train_mse=3.661e-02, train_l2=1.565e-02, test_l2=2.572e-02, test_mse=1.508e-01
epoch 103 of 300
ep 103: t=72.238, train_mse=3.752e-02, train_l2=1.515e-02, test_l2=2.515e-02, test_mse=1.502e-01
epoch 104 of 300
ep 104: t=72.466, train_mse=3.945e-02, train_l2=1.518e-02, test_l2=2.686e-02, test_mse=1.501e-01
epoch 105 of 300
ep 105: t=72.314, train_mse=3.357e-02, train_l2=1.467e-02, test_l2=2.491e-02, test_mse=1.468e-01
epoch 106 of 300
ep 106: t=72.168, train_mse=3.720e-02, train_l2=1.493e-02, test_l2=2.495e-02, test_mse=1.370e-01
epoch 107 of 300
ep 107: t=72.224, train_mse=3.603e-02, train_l2=1.513e-02, test_l2=2.574e-02, test_mse=1.415e-01
epoch 108 of 300
ep 108: t=72.207, train_mse=3.592e-02, train_l2=1.460e-02, test_l2=2.441e-02, test_mse=1.326e-01
epoch 109 of 300
ep 109: t=72.202, train_mse=2.918e-02, train_l2=1.386e-02, test_l2=2.496e-02, test_mse=1.483e-01
epoch 110 of 300
ep 110: t=72.432, train_mse=4.015e-02, train_l2=1.523e-02, test_l2=2.584e-02, test_mse=1.533e-01
epoch 111 of 300
ep 111: t=72.179, train_mse=3.761e-02, train_l2=1.581e-02, test_l2=2.483e-02, test_mse=1.443e-01
epoch 112 of 300
ep 112: t=72.242, train_mse=3.331e-02, train_l2=1.475e-02, test_l2=2.658e-02, test_mse=1.442e-01
epoch 113 of 300
ep 113: t=72.163, train_mse=3.718e-02, train_l2=1.532e-02, test_l2=2.517e-02, test_mse=1.428e-01
epoch 114 of 300
ep 114: t=72.133, train_mse=3.324e-02, train_l2=1.441e-02, test_l2=2.518e-02, test_mse=1.453e-01
epoch 115 of 300
ep 115: t=72.220, train_mse=3.692e-02, train_l2=1.497e-02, test_l2=2.584e-02, test_mse=1.493e-01
epoch 116 of 300
ep 116: t=72.216, train_mse=3.192e-02, train_l2=1.449e-02, test_l2=2.524e-02, test_mse=1.475e-01
epoch 117 of 300
ep 117: t=72.330, train_mse=3.603e-02, train_l2=1.499e-02, test_l2=2.503e-02, test_mse=1.396e-01
epoch 118 of 300
ep 118: t=72.316, train_mse=2.975e-02, train_l2=1.335e-02, test_l2=2.532e-02, test_mse=1.472e-01
epoch 119 of 300
ep 119: t=72.143, train_mse=2.769e-02, train_l2=1.345e-02, test_l2=2.550e-02, test_mse=1.493e-01
epoch 120 of 300
ep 120: t=72.332, train_mse=2.783e-02, train_l2=1.352e-02, test_l2=2.485e-02, test_mse=1.423e-01
epoch 121 of 300
ep 121: t=71.869, train_mse=2.976e-02, train_l2=1.374e-02, test_l2=2.558e-02, test_mse=1.431e-01
epoch 122 of 300
ep 122: t=71.923, train_mse=2.875e-02, train_l2=1.352e-02, test_l2=2.507e-02, test_mse=1.398e-01
epoch 123 of 300
ep 123: t=71.943, train_mse=2.729e-02, train_l2=1.337e-02, test_l2=2.464e-02, test_mse=1.372e-01
epoch 124 of 300
ep 124: t=72.232, train_mse=2.984e-02, train_l2=1.396e-02, test_l2=2.511e-02, test_mse=1.483e-01
epoch 125 of 300
ep 125: t=72.651, train_mse=3.065e-02, train_l2=1.388e-02, test_l2=2.573e-02, test_mse=1.479e-01
epoch 126 of 300
ep 126: t=72.205, train_mse=2.893e-02, train_l2=1.341e-02, test_l2=2.545e-02, test_mse=1.435e-01
epoch 127 of 300
ep 127: t=72.486, train_mse=3.119e-02, train_l2=1.419e-02, test_l2=2.552e-02, test_mse=1.528e-01
epoch 128 of 300
ep 128: t=72.299, train_mse=3.325e-02, train_l2=1.424e-02, test_l2=2.556e-02, test_mse=1.507e-01
epoch 129 of 300
ep 129: t=72.355, train_mse=2.924e-02, train_l2=1.340e-02, test_l2=2.682e-02, test_mse=1.483e-01
epoch 130 of 300
ep 130: t=72.474, train_mse=3.004e-02, train_l2=1.375e-02, test_l2=2.524e-02, test_mse=1.484e-01
epoch 131 of 300
ep 131: t=72.312, train_mse=2.874e-02, train_l2=1.405e-02, test_l2=2.465e-02, test_mse=1.361e-01
epoch 132 of 300
ep 132: t=72.531, train_mse=2.957e-02, train_l2=1.373e-02, test_l2=2.520e-02, test_mse=1.466e-01
epoch 133 of 300
ep 133: t=72.171, train_mse=2.988e-02, train_l2=1.395e-02, test_l2=2.542e-02, test_mse=1.448e-01
epoch 134 of 300
ep 134: t=72.306, train_mse=2.978e-02, train_l2=1.409e-02, test_l2=2.542e-02, test_mse=1.401e-01
epoch 135 of 300
ep 135: t=72.354, train_mse=3.110e-02, train_l2=1.444e-02, test_l2=2.610e-02, test_mse=1.420e-01
epoch 136 of 300
ep 136: t=72.387, train_mse=3.596e-02, train_l2=1.566e-02, test_l2=2.577e-02, test_mse=1.467e-01
epoch 137 of 300
ep 137: t=72.451, train_mse=2.728e-02, train_l2=1.365e-02, test_l2=2.507e-02, test_mse=1.442e-01
epoch 138 of 300
ep 138: t=72.514, train_mse=2.441e-02, train_l2=1.263e-02, test_l2=2.496e-02, test_mse=1.433e-01
epoch 139 of 300
ep 139: t=72.357, train_mse=2.371e-02, train_l2=1.249e-02, test_l2=2.509e-02, test_mse=1.481e-01
epoch 140 of 300
ep 140: t=72.463, train_mse=2.675e-02, train_l2=1.295e-02, test_l2=2.474e-02, test_mse=1.397e-01
epoch 141 of 300
ep 141: t=72.252, train_mse=2.615e-02, train_l2=1.300e-02, test_l2=2.550e-02, test_mse=1.476e-01
epoch 142 of 300
ep 142: t=72.205, train_mse=2.587e-02, train_l2=1.301e-02, test_l2=2.516e-02, test_mse=1.367e-01
epoch 143 of 300
ep 143: t=72.447, train_mse=2.749e-02, train_l2=1.355e-02, test_l2=2.520e-02, test_mse=1.409e-01
epoch 144 of 300
ep 144: t=72.556, train_mse=2.589e-02, train_l2=1.294e-02, test_l2=2.483e-02, test_mse=1.457e-01
epoch 145 of 300
ep 145: t=72.557, train_mse=2.701e-02, train_l2=1.311e-02, test_l2=2.695e-02, test_mse=1.584e-01
epoch 146 of 300
ep 146: t=72.374, train_mse=2.331e-02, train_l2=1.238e-02, test_l2=2.594e-02, test_mse=1.536e-01
epoch 147 of 300
ep 147: t=72.508, train_mse=2.385e-02, train_l2=1.261e-02, test_l2=2.711e-02, test_mse=1.502e-01
epoch 148 of 300
ep 148: t=72.461, train_mse=2.504e-02, train_l2=1.299e-02, test_l2=2.589e-02, test_mse=1.495e-01
epoch 149 of 300
ep 149: t=72.275, train_mse=2.710e-02, train_l2=1.324e-02, test_l2=2.485e-02, test_mse=1.414e-01
epoch 150 of 300
ep 150: t=72.489, train_mse=2.235e-02, train_l2=1.235e-02, test_l2=2.498e-02, test_mse=1.379e-01
epoch 151 of 300
ep 151: t=72.432, train_mse=2.514e-02, train_l2=1.242e-02, test_l2=2.503e-02, test_mse=1.405e-01
epoch 152 of 300
ep 152: t=72.257, train_mse=2.781e-02, train_l2=1.339e-02, test_l2=2.637e-02, test_mse=1.479e-01
epoch 153 of 300
ep 153: t=72.322, train_mse=2.240e-02, train_l2=1.238e-02, test_l2=2.565e-02, test_mse=1.483e-01
epoch 154 of 300
ep 154: t=72.169, train_mse=2.167e-02, train_l2=1.189e-02, test_l2=2.515e-02, test_mse=1.480e-01
epoch 155 of 300
ep 155: t=72.194, train_mse=2.272e-02, train_l2=1.209e-02, test_l2=2.516e-02, test_mse=1.401e-01
epoch 156 of 300
ep 156: t=72.263, train_mse=2.140e-02, train_l2=1.180e-02, test_l2=2.544e-02, test_mse=1.421e-01
epoch 157 of 300
ep 157: t=72.369, train_mse=2.269e-02, train_l2=1.209e-02, test_l2=2.457e-02, test_mse=1.359e-01
epoch 158 of 300
ep 158: t=72.444, train_mse=2.265e-02, train_l2=1.210e-02, test_l2=2.499e-02, test_mse=1.512e-01
epoch 159 of 300
ep 159: t=72.457, train_mse=1.978e-02, train_l2=1.177e-02, test_l2=2.489e-02, test_mse=1.429e-01
epoch 160 of 300
ep 160: t=72.548, train_mse=2.007e-02, train_l2=1.178e-02, test_l2=2.504e-02, test_mse=1.380e-01
epoch 161 of 300
ep 161: t=72.369, train_mse=2.410e-02, train_l2=1.236e-02, test_l2=2.529e-02, test_mse=1.439e-01
epoch 162 of 300
ep 162: t=72.317, train_mse=2.209e-02, train_l2=1.178e-02, test_l2=2.482e-02, test_mse=1.418e-01
epoch 163 of 300
ep 163: t=72.234, train_mse=2.018e-02, train_l2=1.146e-02, test_l2=2.508e-02, test_mse=1.411e-01
epoch 164 of 300
ep 164: t=72.377, train_mse=2.038e-02, train_l2=1.159e-02, test_l2=2.506e-02, test_mse=1.414e-01
epoch 165 of 300
ep 165: t=72.471, train_mse=2.395e-02, train_l2=1.225e-02, test_l2=2.463e-02, test_mse=1.400e-01
epoch 166 of 300
ep 166: t=72.591, train_mse=2.027e-02, train_l2=1.175e-02, test_l2=2.529e-02, test_mse=1.472e-01
epoch 167 of 300
ep 167: t=72.440, train_mse=1.885e-02, train_l2=1.145e-02, test_l2=2.716e-02, test_mse=1.580e-01
epoch 168 of 300
ep 168: t=72.410, train_mse=2.074e-02, train_l2=1.208e-02, test_l2=2.627e-02, test_mse=1.453e-01
epoch 169 of 300
ep 169: t=72.617, train_mse=1.897e-02, train_l2=1.137e-02, test_l2=2.512e-02, test_mse=1.424e-01
epoch 170 of 300
ep 170: t=72.664, train_mse=2.319e-02, train_l2=1.254e-02, test_l2=2.687e-02, test_mse=1.461e-01
epoch 171 of 300
ep 171: t=72.639, train_mse=1.958e-02, train_l2=1.156e-02, test_l2=2.525e-02, test_mse=1.422e-01
epoch 172 of 300
ep 172: t=72.425, train_mse=1.693e-02, train_l2=1.087e-02, test_l2=2.510e-02, test_mse=1.485e-01
epoch 173 of 300
ep 173: t=72.448, train_mse=1.854e-02, train_l2=1.134e-02, test_l2=2.467e-02, test_mse=1.415e-01
epoch 174 of 300
ep 174: t=72.570, train_mse=1.731e-02, train_l2=1.068e-02, test_l2=2.545e-02, test_mse=1.477e-01
epoch 175 of 300
ep 175: t=72.520, train_mse=1.722e-02, train_l2=1.074e-02, test_l2=2.470e-02, test_mse=1.346e-01
epoch 176 of 300
ep 176: t=72.316, train_mse=1.753e-02, train_l2=1.098e-02, test_l2=2.500e-02, test_mse=1.378e-01
epoch 177 of 300
ep 177: t=72.484, train_mse=1.916e-02, train_l2=1.131e-02, test_l2=2.627e-02, test_mse=1.476e-01
epoch 178 of 300
ep 178: t=72.464, train_mse=2.027e-02, train_l2=1.186e-02, test_l2=2.649e-02, test_mse=1.456e-01
epoch 179 of 300
ep 179: t=72.526, train_mse=1.897e-02, train_l2=1.138e-02, test_l2=2.496e-02, test_mse=1.357e-01
epoch 180 of 300
ep 180: t=72.648, train_mse=2.353e-02, train_l2=1.236e-02, test_l2=2.521e-02, test_mse=1.456e-01
epoch 181 of 300
ep 181: t=72.547, train_mse=1.975e-02, train_l2=1.193e-02, test_l2=2.514e-02, test_mse=1.380e-01
epoch 182 of 300
ep 182: t=72.389, train_mse=2.034e-02, train_l2=1.162e-02, test_l2=2.506e-02, test_mse=1.432e-01
epoch 183 of 300
ep 183: t=72.373, train_mse=1.747e-02, train_l2=1.074e-02, test_l2=2.543e-02, test_mse=1.414e-01
epoch 184 of 300
ep 184: t=72.529, train_mse=1.695e-02, train_l2=1.032e-02, test_l2=2.578e-02, test_mse=1.420e-01
epoch 185 of 300
ep 185: t=72.487, train_mse=1.490e-02, train_l2=1.029e-02, test_l2=2.634e-02, test_mse=1.479e-01
epoch 186 of 300
ep 186: t=72.658, train_mse=1.507e-02, train_l2=1.016e-02, test_l2=2.579e-02, test_mse=1.387e-01
epoch 187 of 300
ep 187: t=72.902, train_mse=1.718e-02, train_l2=1.085e-02, test_l2=2.512e-02, test_mse=1.412e-01
epoch 188 of 300
ep 188: t=72.776, train_mse=1.550e-02, train_l2=1.041e-02, test_l2=2.524e-02, test_mse=1.388e-01
epoch 189 of 300
ep 189: t=72.866, train_mse=1.743e-02, train_l2=1.102e-02, test_l2=2.460e-02, test_mse=1.403e-01
epoch 190 of 300
ep 190: t=72.799, train_mse=1.755e-02, train_l2=1.097e-02, test_l2=2.552e-02, test_mse=1.453e-01
epoch 191 of 300
ep 191: t=72.731, train_mse=1.386e-02, train_l2=9.743e-03, test_l2=2.541e-02, test_mse=1.408e-01
epoch 192 of 300
ep 192: t=72.561, train_mse=1.273e-02, train_l2=9.462e-03, test_l2=2.573e-02, test_mse=1.460e-01
epoch 193 of 300
ep 193: t=72.663, train_mse=1.319e-02, train_l2=9.630e-03, test_l2=2.553e-02, test_mse=1.381e-01
epoch 194 of 300
ep 194: t=72.514, train_mse=1.550e-02, train_l2=1.025e-02, test_l2=2.502e-02, test_mse=1.415e-01
epoch 195 of 300
ep 195: t=72.495, train_mse=1.423e-02, train_l2=9.998e-03, test_l2=2.478e-02, test_mse=1.453e-01
epoch 196 of 300
ep 196: t=72.471, train_mse=1.589e-02, train_l2=1.057e-02, test_l2=2.606e-02, test_mse=1.497e-01
epoch 197 of 300
ep 197: t=72.559, train_mse=1.745e-02, train_l2=1.106e-02, test_l2=2.575e-02, test_mse=1.452e-01
epoch 198 of 300
ep 198: t=72.550, train_mse=1.357e-02, train_l2=9.884e-03, test_l2=2.496e-02, test_mse=1.400e-01
epoch 199 of 300
ep 199: t=72.847, train_mse=1.570e-02, train_l2=1.046e-02, test_l2=2.463e-02, test_mse=1.418e-01
epoch 200 of 300
ep 200: t=72.831, train_mse=1.586e-02, train_l2=1.050e-02, test_l2=2.495e-02, test_mse=1.434e-01
epoch 201 of 300
ep 201: t=72.836, train_mse=1.338e-02, train_l2=9.752e-03, test_l2=2.564e-02, test_mse=1.435e-01
epoch 202 of 300
ep 202: t=72.653, train_mse=1.349e-02, train_l2=9.431e-03, test_l2=2.547e-02, test_mse=1.432e-01
epoch 203 of 300
ep 203: t=72.531, train_mse=1.356e-02, train_l2=9.855e-03, test_l2=2.529e-02, test_mse=1.436e-01
epoch 204 of 300
ep 204: t=72.571, train_mse=1.481e-02, train_l2=1.025e-02, test_l2=2.516e-02, test_mse=1.501e-01
epoch 205 of 300
ep 205: t=72.497, train_mse=1.374e-02, train_l2=9.975e-03, test_l2=2.447e-02, test_mse=1.368e-01
epoch 206 of 300
ep 206: t=72.532, train_mse=1.434e-02, train_l2=1.016e-02, test_l2=2.483e-02, test_mse=1.349e-01
epoch 207 of 300
ep 207: t=72.471, train_mse=1.404e-02, train_l2=1.005e-02, test_l2=2.581e-02, test_mse=1.423e-01
epoch 208 of 300
ep 208: t=72.544, train_mse=1.543e-02, train_l2=1.050e-02, test_l2=2.538e-02, test_mse=1.416e-01
epoch 209 of 300
ep 209: t=72.634, train_mse=1.299e-02, train_l2=9.703e-03, test_l2=2.645e-02, test_mse=1.472e-01
epoch 210 of 300
ep 210: t=72.735, train_mse=1.467e-02, train_l2=1.025e-02, test_l2=2.594e-02, test_mse=1.458e-01
epoch 211 of 300
ep 211: t=72.863, train_mse=1.393e-02, train_l2=1.000e-02, test_l2=2.525e-02, test_mse=1.374e-01
epoch 212 of 300
ep 212: t=73.130, train_mse=1.246e-02, train_l2=9.499e-03, test_l2=2.512e-02, test_mse=1.417e-01
epoch 213 of 300
ep 213: t=73.297, train_mse=1.037e-02, train_l2=8.553e-03, test_l2=2.454e-02, test_mse=1.365e-01
epoch 214 of 300
ep 214: t=72.918, train_mse=1.146e-02, train_l2=8.952e-03, test_l2=2.473e-02, test_mse=1.391e-01
epoch 215 of 300
ep 215: t=72.747, train_mse=1.129e-02, train_l2=8.840e-03, test_l2=2.466e-02, test_mse=1.424e-01
epoch 216 of 300
ep 216: t=72.755, train_mse=9.388e-03, train_l2=8.273e-03, test_l2=2.459e-02, test_mse=1.407e-01
epoch 217 of 300
ep 217: t=72.887, train_mse=9.631e-03, train_l2=8.215e-03, test_l2=2.435e-02, test_mse=1.354e-01
epoch 218 of 300
ep 218: t=72.922, train_mse=9.760e-03, train_l2=8.346e-03, test_l2=2.453e-02, test_mse=1.428e-01
epoch 219 of 300
ep 219: t=73.312, train_mse=1.051e-02, train_l2=8.719e-03, test_l2=2.438e-02, test_mse=1.342e-01
epoch 220 of 300
ep 220: t=73.532, train_mse=1.155e-02, train_l2=8.989e-03, test_l2=2.513e-02, test_mse=1.400e-01
epoch 221 of 300
ep 221: t=73.112, train_mse=1.127e-02, train_l2=8.852e-03, test_l2=2.500e-02, test_mse=1.354e-01
epoch 222 of 300
ep 222: t=72.990, train_mse=1.179e-02, train_l2=9.020e-03, test_l2=2.587e-02, test_mse=1.451e-01
epoch 223 of 300
ep 223: t=72.879, train_mse=1.215e-02, train_l2=9.356e-03, test_l2=2.550e-02, test_mse=1.415e-01
epoch 224 of 300
ep 224: t=73.382, train_mse=9.430e-03, train_l2=8.418e-03, test_l2=2.498e-02, test_mse=1.393e-01
epoch 225 of 300
ep 225: t=73.053, train_mse=8.713e-03, train_l2=8.086e-03, test_l2=2.480e-02, test_mse=1.387e-01
epoch 226 of 300
ep 226: t=72.743, train_mse=8.788e-03, train_l2=8.083e-03, test_l2=2.466e-02, test_mse=1.376e-01
epoch 227 of 300
ep 227: t=73.094, train_mse=9.409e-03, train_l2=8.236e-03, test_l2=2.461e-02, test_mse=1.410e-01
epoch 228 of 300
ep 228: t=72.831, train_mse=8.157e-03, train_l2=7.668e-03, test_l2=2.457e-02, test_mse=1.435e-01
epoch 229 of 300
ep 229: t=73.198, train_mse=8.706e-03, train_l2=7.894e-03, test_l2=2.463e-02, test_mse=1.367e-01
epoch 230 of 300
ep 230: t=73.081, train_mse=8.674e-03, train_l2=7.993e-03, test_l2=2.486e-02, test_mse=1.421e-01
epoch 231 of 300
ep 231: t=73.067, train_mse=9.175e-03, train_l2=8.096e-03, test_l2=2.476e-02, test_mse=1.378e-01
epoch 232 of 300
ep 232: t=72.741, train_mse=8.318e-03, train_l2=7.875e-03, test_l2=2.463e-02, test_mse=1.400e-01
epoch 233 of 300
ep 233: t=72.792, train_mse=8.633e-03, train_l2=7.959e-03, test_l2=2.461e-02, test_mse=1.388e-01
epoch 234 of 300
ep 234: t=72.834, train_mse=7.425e-03, train_l2=7.400e-03, test_l2=2.483e-02, test_mse=1.400e-01
epoch 235 of 300
ep 235: t=72.770, train_mse=8.316e-03, train_l2=7.752e-03, test_l2=2.472e-02, test_mse=1.383e-01
epoch 236 of 300
ep 236: t=72.702, train_mse=7.678e-03, train_l2=7.614e-03, test_l2=2.485e-02, test_mse=1.410e-01
epoch 237 of 300
ep 237: t=73.030, train_mse=7.156e-03, train_l2=7.250e-03, test_l2=2.498e-02, test_mse=1.417e-01
epoch 238 of 300
ep 238: t=72.901, train_mse=6.910e-03, train_l2=7.169e-03, test_l2=2.509e-02, test_mse=1.419e-01
epoch 239 of 300
ep 239: t=72.641, train_mse=7.033e-03, train_l2=7.196e-03, test_l2=2.500e-02, test_mse=1.401e-01
epoch 240 of 300
ep 240: t=72.865, train_mse=6.922e-03, train_l2=7.227e-03, test_l2=2.534e-02, test_mse=1.440e-01
epoch 241 of 300
ep 241: t=73.033, train_mse=6.953e-03, train_l2=7.168e-03, test_l2=2.514e-02, test_mse=1.417e-01
epoch 242 of 300
ep 242: t=72.671, train_mse=7.281e-03, train_l2=7.338e-03, test_l2=2.511e-02, test_mse=1.406e-01
epoch 243 of 300
ep 243: t=72.611, train_mse=6.698e-03, train_l2=7.091e-03, test_l2=2.504e-02, test_mse=1.449e-01
epoch 244 of 300
ep 244: t=72.829, train_mse=7.575e-03, train_l2=7.476e-03, test_l2=2.477e-02, test_mse=1.389e-01
epoch 245 of 300
ep 245: t=72.849, train_mse=7.061e-03, train_l2=7.262e-03, test_l2=2.456e-02, test_mse=1.387e-01
epoch 246 of 300
ep 246: t=72.884, train_mse=7.537e-03, train_l2=7.475e-03, test_l2=2.475e-02, test_mse=1.400e-01
epoch 247 of 300
ep 247: t=72.856, train_mse=6.871e-03, train_l2=7.224e-03, test_l2=2.497e-02, test_mse=1.420e-01
epoch 248 of 300
ep 248: t=72.771, train_mse=5.737e-03, train_l2=6.610e-03, test_l2=2.496e-02, test_mse=1.416e-01
epoch 249 of 300
ep 249: t=72.728, train_mse=5.622e-03, train_l2=6.465e-03, test_l2=2.500e-02, test_mse=1.425e-01
epoch 250 of 300
ep 250: t=72.834, train_mse=5.686e-03, train_l2=6.494e-03, test_l2=2.516e-02, test_mse=1.408e-01
epoch 251 of 300
ep 251: t=72.816, train_mse=5.448e-03, train_l2=6.433e-03, test_l2=2.512e-02, test_mse=1.411e-01
epoch 252 of 300
ep 252: t=72.870, train_mse=5.211e-03, train_l2=6.320e-03, test_l2=2.491e-02, test_mse=1.405e-01
epoch 253 of 300
ep 253: t=72.595, train_mse=5.075e-03, train_l2=6.276e-03, test_l2=2.467e-02, test_mse=1.402e-01
epoch 254 of 300
ep 254: t=72.582, train_mse=5.468e-03, train_l2=6.529e-03, test_l2=2.464e-02, test_mse=1.393e-01
epoch 255 of 300
ep 255: t=72.620, train_mse=5.349e-03, train_l2=6.443e-03, test_l2=2.485e-02, test_mse=1.393e-01
epoch 256 of 300
ep 256: t=72.695, train_mse=5.359e-03, train_l2=6.346e-03, test_l2=2.493e-02, test_mse=1.431e-01
epoch 257 of 300
ep 257: t=72.732, train_mse=5.076e-03, train_l2=6.306e-03, test_l2=2.493e-02, test_mse=1.403e-01
epoch 258 of 300
ep 258: t=72.896, train_mse=5.032e-03, train_l2=6.242e-03, test_l2=2.482e-02, test_mse=1.377e-01
epoch 259 of 300
ep 259: t=72.763, train_mse=4.750e-03, train_l2=6.103e-03, test_l2=2.476e-02, test_mse=1.405e-01
epoch 260 of 300
ep 260: t=72.803, train_mse=4.434e-03, train_l2=5.863e-03, test_l2=2.466e-02, test_mse=1.385e-01
epoch 261 of 300
ep 261: t=72.792, train_mse=4.179e-03, train_l2=5.782e-03, test_l2=2.483e-02, test_mse=1.406e-01
epoch 262 of 300
ep 262: t=72.443, train_mse=4.299e-03, train_l2=5.829e-03, test_l2=2.493e-02, test_mse=1.413e-01
epoch 263 of 300
ep 263: t=72.577, train_mse=4.199e-03, train_l2=5.742e-03, test_l2=2.485e-02, test_mse=1.406e-01
epoch 264 of 300
ep 264: t=72.521, train_mse=4.504e-03, train_l2=5.903e-03, test_l2=2.495e-02, test_mse=1.383e-01
epoch 265 of 300
ep 265: t=72.518, train_mse=4.507e-03, train_l2=6.000e-03, test_l2=2.502e-02, test_mse=1.403e-01
epoch 266 of 300
ep 266: t=72.697, train_mse=4.053e-03, train_l2=5.728e-03, test_l2=2.514e-02, test_mse=1.424e-01
epoch 267 of 300
ep 267: t=72.597, train_mse=4.063e-03, train_l2=5.719e-03, test_l2=2.513e-02, test_mse=1.404e-01
epoch 268 of 300
ep 268: t=72.630, train_mse=4.131e-03, train_l2=5.776e-03, test_l2=2.522e-02, test_mse=1.417e-01
epoch 269 of 300
ep 269: t=72.552, train_mse=4.290e-03, train_l2=5.887e-03, test_l2=2.504e-02, test_mse=1.412e-01
epoch 270 of 300
ep 270: t=72.818, train_mse=4.523e-03, train_l2=6.003e-03, test_l2=2.481e-02, test_mse=1.388e-01
epoch 271 of 300
ep 271: t=72.964, train_mse=4.960e-03, train_l2=6.293e-03, test_l2=2.470e-02, test_mse=1.412e-01
epoch 272 of 300
ep 272: t=72.801, train_mse=4.499e-03, train_l2=6.040e-03, test_l2=2.491e-02, test_mse=1.420e-01
epoch 273 of 300
ep 273: t=72.679, train_mse=3.811e-03, train_l2=5.574e-03, test_l2=2.490e-02, test_mse=1.411e-01
epoch 274 of 300
ep 274: t=72.663, train_mse=3.250e-03, train_l2=5.156e-03, test_l2=2.477e-02, test_mse=1.384e-01
epoch 275 of 300
ep 275: t=72.775, train_mse=3.031e-03, train_l2=4.972e-03, test_l2=2.471e-02, test_mse=1.399e-01
epoch 276 of 300
ep 276: t=72.798, train_mse=2.930e-03, train_l2=4.874e-03, test_l2=2.477e-02, test_mse=1.393e-01
epoch 277 of 300
ep 277: t=72.719, train_mse=2.830e-03, train_l2=4.761e-03, test_l2=2.468e-02, test_mse=1.391e-01
epoch 278 of 300
ep 278: t=72.768, train_mse=2.729e-03, train_l2=4.695e-03, test_l2=2.476e-02, test_mse=1.399e-01
epoch 279 of 300
ep 279: t=72.751, train_mse=2.642e-03, train_l2=4.617e-03, test_l2=2.477e-02, test_mse=1.383e-01
epoch 280 of 300
ep 280: t=72.965, train_mse=2.565e-03, train_l2=4.560e-03, test_l2=2.474e-02, test_mse=1.390e-01
epoch 281 of 300
ep 281: t=72.871, train_mse=2.500e-03, train_l2=4.502e-03, test_l2=2.474e-02, test_mse=1.392e-01
epoch 282 of 300
ep 282: t=72.615, train_mse=2.432e-03, train_l2=4.447e-03, test_l2=2.473e-02, test_mse=1.390e-01
epoch 283 of 300
ep 283: t=72.564, train_mse=2.433e-03, train_l2=4.446e-03, test_l2=2.471e-02, test_mse=1.386e-01
epoch 284 of 300
ep 284: t=72.733, train_mse=2.365e-03, train_l2=4.395e-03, test_l2=2.472e-02, test_mse=1.394e-01
epoch 285 of 300
ep 285: t=72.740, train_mse=2.331e-03, train_l2=4.370e-03, test_l2=2.473e-02, test_mse=1.386e-01
epoch 286 of 300
ep 286: t=72.639, train_mse=2.306e-03, train_l2=4.344e-03, test_l2=2.475e-02, test_mse=1.394e-01
epoch 287 of 300
ep 287: t=72.955, train_mse=2.266e-03, train_l2=4.304e-03, test_l2=2.474e-02, test_mse=1.389e-01
epoch 288 of 300
ep 288: t=72.897, train_mse=2.232e-03, train_l2=4.279e-03, test_l2=2.474e-02, test_mse=1.393e-01
epoch 289 of 300
ep 289: t=72.890, train_mse=2.200e-03, train_l2=4.247e-03, test_l2=2.473e-02, test_mse=1.392e-01
epoch 290 of 300
ep 290: t=73.049, train_mse=2.163e-03, train_l2=4.230e-03, test_l2=2.472e-02, test_mse=1.394e-01
epoch 291 of 300
ep 291: t=73.103, train_mse=2.120e-03, train_l2=4.193e-03, test_l2=2.474e-02, test_mse=1.395e-01
epoch 292 of 300
ep 292: t=72.753, train_mse=2.105e-03, train_l2=4.183e-03, test_l2=2.475e-02, test_mse=1.395e-01
epoch 293 of 300
ep 293: t=72.807, train_mse=2.058e-03, train_l2=4.142e-03, test_l2=2.475e-02, test_mse=1.396e-01
epoch 294 of 300
ep 294: t=72.764, train_mse=2.028e-03, train_l2=4.119e-03, test_l2=2.476e-02, test_mse=1.396e-01
epoch 295 of 300
ep 295: t=72.753, train_mse=1.989e-03, train_l2=4.083e-03, test_l2=2.474e-02, test_mse=1.395e-01
epoch 296 of 300
ep 296: t=72.886, train_mse=1.964e-03, train_l2=4.063e-03, test_l2=2.477e-02, test_mse=1.397e-01
epoch 297 of 300
ep 297: t=72.877, train_mse=1.934e-03, train_l2=4.035e-03, test_l2=2.478e-02, test_mse=1.396e-01
epoch 298 of 300
ep 298: t=72.830, train_mse=1.913e-03, train_l2=4.017e-03, test_l2=2.482e-02, test_mse=1.400e-01
epoch 299 of 300
ep 299: t=72.890, train_mse=1.884e-03, train_l2=3.987e-03, test_l2=2.481e-02, test_mse=1.395e-01
