1.13.0+cu117
GPUs:1
/samoa/data/smrserraoseabr/NO-DA
Using cuda for training
Memory usage: 3 GB
preprocessing finished, time used: 0.0010802671313285828
Memory usage: 4 GB
epoch 0 of 100
ep 0: t=61.420, train_mse=5.915e-01, train_l2=6.056e-02, test_l2=5.893e-02, test_mse=8.326e-01
epoch 1 of 100
ep 1: t=60.612, train_mse=5.434e-01, train_l2=5.796e-02, test_l2=5.780e-02, test_mse=7.999e-01
epoch 2 of 100
ep 2: t=60.653, train_mse=5.217e-01, train_l2=5.678e-02, test_l2=5.735e-02, test_mse=7.753e-01
epoch 3 of 100
ep 3: t=60.617, train_mse=5.085e-01, train_l2=5.611e-02, test_l2=5.685e-02, test_mse=7.577e-01
epoch 4 of 100
ep 4: t=61.777, train_mse=5.000e-01, train_l2=5.566e-02, test_l2=5.661e-02, test_mse=7.454e-01
epoch 5 of 100
ep 5: t=61.402, train_mse=4.940e-01, train_l2=5.528e-02, test_l2=5.628e-02, test_mse=7.357e-01
epoch 6 of 100
ep 6: t=61.231, train_mse=4.895e-01, train_l2=5.508e-02, test_l2=5.598e-02, test_mse=7.281e-01
epoch 7 of 100
ep 7: t=61.093, train_mse=4.847e-01, train_l2=5.483e-02, test_l2=5.569e-02, test_mse=7.204e-01
epoch 8 of 100
ep 8: t=61.949, train_mse=4.721e-01, train_l2=5.416e-02, test_l2=5.281e-02, test_mse=6.618e-01
epoch 9 of 100
ep 9: t=61.978, train_mse=2.157e-01, train_l2=3.367e-02, test_l2=3.254e-02, test_mse=3.887e-01
epoch 10 of 100
ep 10: t=61.901, train_mse=1.474e-01, train_l2=2.722e-02, test_l2=3.055e-02, test_mse=3.693e-01
epoch 11 of 100
ep 11: t=61.670, train_mse=1.370e-01, train_l2=2.619e-02, test_l2=2.909e-02, test_mse=3.604e-01
epoch 12 of 100
ep 12: t=60.849, train_mse=1.311e-01, train_l2=2.562e-02, test_l2=2.791e-02, test_mse=3.335e-01
epoch 13 of 100
ep 13: t=60.627, train_mse=1.264e-01, train_l2=2.523e-02, test_l2=2.879e-02, test_mse=3.566e-01
epoch 14 of 100
ep 14: t=60.681, train_mse=1.232e-01, train_l2=2.495e-02, test_l2=2.822e-02, test_mse=3.356e-01
epoch 15 of 100
ep 15: t=60.393, train_mse=1.202e-01, train_l2=2.473e-02, test_l2=2.886e-02, test_mse=3.484e-01
epoch 16 of 100
ep 16: t=60.596, train_mse=1.177e-01, train_l2=2.453e-02, test_l2=2.865e-02, test_mse=3.440e-01
epoch 17 of 100
ep 17: t=60.571, train_mse=1.160e-01, train_l2=2.442e-02, test_l2=2.885e-02, test_mse=3.448e-01
epoch 18 of 100
ep 18: t=62.452, train_mse=1.136e-01, train_l2=2.418e-02, test_l2=2.834e-02, test_mse=3.377e-01
epoch 19 of 100
ep 19: t=61.288, train_mse=1.115e-01, train_l2=2.403e-02, test_l2=2.754e-02, test_mse=3.192e-01
epoch 20 of 100
ep 20: t=61.146, train_mse=1.096e-01, train_l2=2.384e-02, test_l2=2.761e-02, test_mse=3.189e-01
epoch 21 of 100
ep 21: t=61.719, train_mse=1.082e-01, train_l2=2.373e-02, test_l2=2.785e-02, test_mse=3.250e-01
epoch 22 of 100
ep 22: t=61.618, train_mse=1.066e-01, train_l2=2.361e-02, test_l2=2.709e-02, test_mse=3.084e-01
epoch 23 of 100
ep 23: t=61.589, train_mse=1.052e-01, train_l2=2.344e-02, test_l2=2.709e-02, test_mse=3.082e-01
epoch 24 of 100
ep 24: t=61.565, train_mse=1.041e-01, train_l2=2.333e-02, test_l2=2.754e-02, test_mse=3.167e-01
epoch 25 of 100
ep 25: t=61.851, train_mse=1.028e-01, train_l2=2.320e-02, test_l2=2.700e-02, test_mse=3.093e-01
epoch 26 of 100
ep 26: t=62.123, train_mse=1.017e-01, train_l2=2.308e-02, test_l2=2.668e-02, test_mse=3.003e-01
epoch 27 of 100
ep 27: t=61.830, train_mse=1.008e-01, train_l2=2.299e-02, test_l2=2.688e-02, test_mse=3.036e-01
epoch 28 of 100
ep 28: t=62.383, train_mse=9.957e-02, train_l2=2.283e-02, test_l2=2.627e-02, test_mse=2.940e-01
epoch 29 of 100
ep 29: t=62.473, train_mse=9.910e-02, train_l2=2.278e-02, test_l2=2.644e-02, test_mse=2.956e-01
epoch 30 of 100
ep 30: t=61.721, train_mse=9.791e-02, train_l2=2.265e-02, test_l2=2.619e-02, test_mse=2.900e-01
epoch 31 of 100
ep 31: t=61.241, train_mse=9.664e-02, train_l2=2.253e-02, test_l2=2.584e-02, test_mse=2.835e-01
epoch 32 of 100
ep 32: t=61.281, train_mse=9.585e-02, train_l2=2.244e-02, test_l2=2.506e-02, test_mse=2.716e-01
epoch 33 of 100
ep 33: t=61.483, train_mse=9.555e-02, train_l2=2.238e-02, test_l2=2.538e-02, test_mse=2.766e-01
epoch 34 of 100
ep 34: t=61.575, train_mse=9.488e-02, train_l2=2.230e-02, test_l2=2.490e-02, test_mse=2.689e-01
epoch 35 of 100
ep 35: t=61.339, train_mse=9.395e-02, train_l2=2.219e-02, test_l2=2.456e-02, test_mse=2.642e-01
epoch 36 of 100
ep 36: t=61.194, train_mse=9.360e-02, train_l2=2.214e-02, test_l2=2.455e-02, test_mse=2.634e-01
epoch 37 of 100
ep 37: t=61.005, train_mse=9.293e-02, train_l2=2.206e-02, test_l2=2.400e-02, test_mse=2.542e-01
epoch 38 of 100
ep 38: t=60.672, train_mse=9.229e-02, train_l2=2.198e-02, test_l2=2.388e-02, test_mse=2.537e-01
epoch 39 of 100
ep 39: t=60.721, train_mse=9.181e-02, train_l2=2.192e-02, test_l2=2.384e-02, test_mse=2.529e-01
epoch 40 of 100
ep 40: t=61.022, train_mse=9.112e-02, train_l2=2.184e-02, test_l2=2.369e-02, test_mse=2.506e-01
epoch 41 of 100
ep 41: t=61.208, train_mse=9.047e-02, train_l2=2.176e-02, test_l2=2.359e-02, test_mse=2.498e-01
epoch 42 of 100
ep 42: t=60.834, train_mse=9.001e-02, train_l2=2.170e-02, test_l2=2.347e-02, test_mse=2.481e-01
epoch 43 of 100
ep 43: t=60.859, train_mse=8.944e-02, train_l2=2.162e-02, test_l2=2.344e-02, test_mse=2.472e-01
epoch 44 of 100
ep 44: t=60.614, train_mse=8.889e-02, train_l2=2.156e-02, test_l2=2.336e-02, test_mse=2.464e-01
epoch 45 of 100
ep 45: t=60.656, train_mse=8.840e-02, train_l2=2.149e-02, test_l2=2.325e-02, test_mse=2.449e-01
epoch 46 of 100
ep 46: t=60.681, train_mse=8.776e-02, train_l2=2.142e-02, test_l2=2.312e-02, test_mse=2.430e-01
epoch 47 of 100
ep 47: t=60.760, train_mse=8.736e-02, train_l2=2.135e-02, test_l2=2.312e-02, test_mse=2.426e-01
epoch 48 of 100
ep 48: t=60.600, train_mse=8.678e-02, train_l2=2.129e-02, test_l2=2.300e-02, test_mse=2.408e-01
epoch 49 of 100
ep 49: t=60.766, train_mse=8.632e-02, train_l2=2.122e-02, test_l2=2.294e-02, test_mse=2.398e-01
epoch 50 of 100
ep 50: t=62.149, train_mse=8.575e-02, train_l2=2.116e-02, test_l2=2.285e-02, test_mse=2.382e-01
epoch 51 of 100
ep 51: t=60.822, train_mse=8.533e-02, train_l2=2.109e-02, test_l2=2.283e-02, test_mse=2.372e-01
epoch 52 of 100
ep 52: t=61.483, train_mse=8.482e-02, train_l2=2.103e-02, test_l2=2.273e-02, test_mse=2.354e-01
epoch 53 of 100
ep 53: t=60.734, train_mse=8.439e-02, train_l2=2.097e-02, test_l2=2.272e-02, test_mse=2.347e-01
epoch 54 of 100
ep 54: t=61.516, train_mse=8.391e-02, train_l2=2.090e-02, test_l2=2.263e-02, test_mse=2.323e-01
epoch 55 of 100
ep 55: t=61.797, train_mse=8.348e-02, train_l2=2.084e-02, test_l2=2.256e-02, test_mse=2.307e-01
epoch 56 of 100
ep 56: t=60.560, train_mse=8.304e-02, train_l2=2.078e-02, test_l2=2.251e-02, test_mse=2.295e-01
epoch 57 of 100
ep 57: t=61.536, train_mse=8.263e-02, train_l2=2.072e-02, test_l2=2.244e-02, test_mse=2.278e-01
epoch 58 of 100
ep 58: t=61.392, train_mse=8.218e-02, train_l2=2.066e-02, test_l2=2.239e-02, test_mse=2.264e-01
epoch 59 of 100
ep 59: t=61.250, train_mse=8.177e-02, train_l2=2.061e-02, test_l2=2.232e-02, test_mse=2.245e-01
epoch 60 of 100
ep 60: t=61.414, train_mse=8.137e-02, train_l2=2.055e-02, test_l2=2.226e-02, test_mse=2.231e-01
epoch 61 of 100
ep 61: t=61.281, train_mse=8.096e-02, train_l2=2.049e-02, test_l2=2.220e-02, test_mse=2.215e-01
epoch 62 of 100
ep 62: t=61.758, train_mse=8.058e-02, train_l2=2.044e-02, test_l2=2.214e-02, test_mse=2.199e-01
epoch 63 of 100
ep 63: t=61.563, train_mse=8.023e-02, train_l2=2.039e-02, test_l2=2.209e-02, test_mse=2.185e-01
epoch 64 of 100
ep 64: t=60.930, train_mse=7.984e-02, train_l2=2.033e-02, test_l2=2.204e-02, test_mse=2.171e-01
epoch 65 of 100
ep 65: t=61.378, train_mse=7.949e-02, train_l2=2.028e-02, test_l2=2.199e-02, test_mse=2.158e-01
epoch 66 of 100
ep 66: t=60.711, train_mse=7.910e-02, train_l2=2.023e-02, test_l2=2.196e-02, test_mse=2.143e-01
epoch 67 of 100
ep 67: t=60.604, train_mse=7.874e-02, train_l2=2.017e-02, test_l2=2.193e-02, test_mse=2.133e-01
epoch 68 of 100
ep 68: t=60.853, train_mse=7.838e-02, train_l2=2.012e-02, test_l2=2.188e-02, test_mse=2.122e-01
epoch 69 of 100
ep 69: t=61.523, train_mse=7.803e-02, train_l2=2.007e-02, test_l2=2.185e-02, test_mse=2.111e-01
epoch 70 of 100
ep 70: t=62.002, train_mse=7.767e-02, train_l2=2.002e-02, test_l2=2.182e-02, test_mse=2.102e-01
epoch 71 of 100
ep 71: t=61.851, train_mse=7.733e-02, train_l2=1.997e-02, test_l2=2.180e-02, test_mse=2.091e-01
epoch 72 of 100
ep 72: t=61.192, train_mse=7.700e-02, train_l2=1.992e-02, test_l2=2.177e-02, test_mse=2.081e-01
epoch 73 of 100
ep 73: t=60.627, train_mse=7.666e-02, train_l2=1.987e-02, test_l2=2.174e-02, test_mse=2.070e-01
epoch 74 of 100
ep 74: t=60.534, train_mse=7.633e-02, train_l2=1.982e-02, test_l2=2.171e-02, test_mse=2.059e-01
epoch 75 of 100
ep 75: t=60.501, train_mse=7.599e-02, train_l2=1.977e-02, test_l2=2.169e-02, test_mse=2.050e-01
epoch 76 of 100
ep 76: t=60.374, train_mse=7.567e-02, train_l2=1.973e-02, test_l2=2.166e-02, test_mse=2.039e-01
epoch 77 of 100
ep 77: t=60.461, train_mse=7.536e-02, train_l2=1.968e-02, test_l2=2.163e-02, test_mse=2.029e-01
epoch 78 of 100
ep 78: t=60.588, train_mse=7.505e-02, train_l2=1.964e-02, test_l2=2.160e-02, test_mse=2.020e-01
epoch 79 of 100
ep 79: t=60.632, train_mse=7.475e-02, train_l2=1.960e-02, test_l2=2.156e-02, test_mse=2.008e-01
epoch 80 of 100
ep 80: t=60.739, train_mse=7.447e-02, train_l2=1.956e-02, test_l2=2.153e-02, test_mse=2.000e-01
epoch 81 of 100
ep 81: t=60.608, train_mse=7.419e-02, train_l2=1.953e-02, test_l2=2.150e-02, test_mse=1.991e-01
epoch 82 of 100
ep 82: t=61.786, train_mse=7.392e-02, train_l2=1.949e-02, test_l2=2.148e-02, test_mse=1.983e-01
epoch 83 of 100
ep 83: t=61.180, train_mse=7.367e-02, train_l2=1.946e-02, test_l2=2.147e-02, test_mse=1.977e-01
epoch 84 of 100
ep 84: t=60.912, train_mse=7.343e-02, train_l2=1.943e-02, test_l2=2.144e-02, test_mse=1.971e-01
epoch 85 of 100
ep 85: t=61.195, train_mse=7.320e-02, train_l2=1.939e-02, test_l2=2.142e-02, test_mse=1.966e-01
epoch 86 of 100
ep 86: t=60.884, train_mse=7.298e-02, train_l2=1.937e-02, test_l2=2.139e-02, test_mse=1.961e-01
epoch 87 of 100
ep 87: t=60.826, train_mse=7.278e-02, train_l2=1.934e-02, test_l2=2.135e-02, test_mse=1.956e-01
epoch 88 of 100
ep 88: t=60.780, train_mse=7.259e-02, train_l2=1.931e-02, test_l2=2.132e-02, test_mse=1.951e-01
epoch 89 of 100
ep 89: t=60.777, train_mse=7.241e-02, train_l2=1.929e-02, test_l2=2.128e-02, test_mse=1.946e-01
epoch 90 of 100
ep 90: t=60.936, train_mse=7.224e-02, train_l2=1.927e-02, test_l2=2.126e-02, test_mse=1.943e-01
epoch 91 of 100
ep 91: t=60.968, train_mse=7.207e-02, train_l2=1.925e-02, test_l2=2.124e-02, test_mse=1.940e-01
epoch 92 of 100
ep 92: t=60.890, train_mse=7.192e-02, train_l2=1.923e-02, test_l2=2.123e-02, test_mse=1.938e-01
epoch 93 of 100
ep 93: t=60.743, train_mse=7.177e-02, train_l2=1.921e-02, test_l2=2.122e-02, test_mse=1.938e-01
epoch 94 of 100
ep 94: t=60.925, train_mse=7.164e-02, train_l2=1.919e-02, test_l2=2.122e-02, test_mse=1.936e-01
epoch 95 of 100
ep 95: t=60.870, train_mse=7.153e-02, train_l2=1.918e-02, test_l2=2.122e-02, test_mse=1.935e-01
epoch 96 of 100
ep 96: t=60.789, train_mse=7.144e-02, train_l2=1.917e-02, test_l2=2.122e-02, test_mse=1.935e-01
epoch 97 of 100
ep 97: t=60.972, train_mse=7.137e-02, train_l2=1.916e-02, test_l2=2.122e-02, test_mse=1.934e-01
epoch 98 of 100
ep 98: t=60.807, train_mse=7.132e-02, train_l2=1.915e-02, test_l2=2.122e-02, test_mse=1.934e-01
epoch 99 of 100
ep 99: t=60.838, train_mse=7.130e-02, train_l2=1.915e-02, test_l2=2.122e-02, test_mse=1.934e-01
