1.13.0+cu117
GPUs:1
/samoa/data/smrserraoseabr/NO-DA
Using cuda for training
Memory usage: 2 GB
preprocessing finished, time used: 0.0011165670584887266
Memory usage: 2 GB
epoch 0 of 100
ep 0: t=12.782, train_mse=6.892e-01, train_l2=6.895e-02, test_l2=6.566e-02, test_mse=6.015e-01
epoch 1 of 100
ep 1: t=12.233, train_mse=6.090e-01, train_l2=6.489e-02, test_l2=6.285e-02, test_mse=5.274e-01
epoch 2 of 100
ep 2: t=12.337, train_mse=5.877e-01, train_l2=6.394e-02, test_l2=6.225e-02, test_mse=5.180e-01
epoch 3 of 100
ep 3: t=12.218, train_mse=5.747e-01, train_l2=6.326e-02, test_l2=6.165e-02, test_mse=5.108e-01
epoch 4 of 100
ep 4: t=12.450, train_mse=5.645e-01, train_l2=6.272e-02, test_l2=6.113e-02, test_mse=5.056e-01
epoch 5 of 100
ep 5: t=12.516, train_mse=5.560e-01, train_l2=6.224e-02, test_l2=6.070e-02, test_mse=5.021e-01
epoch 6 of 100
ep 6: t=12.239, train_mse=5.488e-01, train_l2=6.183e-02, test_l2=6.021e-02, test_mse=4.964e-01
epoch 7 of 100
ep 7: t=12.154, train_mse=5.443e-01, train_l2=6.149e-02, test_l2=5.999e-02, test_mse=4.958e-01
epoch 8 of 100
ep 8: t=12.132, train_mse=5.375e-01, train_l2=6.108e-02, test_l2=5.961e-02, test_mse=4.900e-01
epoch 9 of 100
ep 9: t=12.127, train_mse=5.377e-01, train_l2=6.100e-02, test_l2=5.949e-02, test_mse=4.895e-01
epoch 10 of 100
ep 10: t=12.363, train_mse=5.305e-01, train_l2=6.057e-02, test_l2=5.916e-02, test_mse=4.860e-01
epoch 11 of 100
ep 11: t=12.251, train_mse=5.256e-01, train_l2=6.029e-02, test_l2=5.894e-02, test_mse=4.839e-01
epoch 12 of 100
ep 12: t=12.220, train_mse=5.223e-01, train_l2=6.009e-02, test_l2=5.867e-02, test_mse=4.749e-01
epoch 13 of 100
ep 13: t=12.197, train_mse=5.238e-01, train_l2=6.014e-02, test_l2=5.882e-02, test_mse=4.763e-01
epoch 14 of 100
ep 14: t=12.338, train_mse=5.187e-01, train_l2=5.976e-02, test_l2=5.837e-02, test_mse=4.732e-01
epoch 15 of 100
ep 15: t=12.236, train_mse=5.139e-01, train_l2=5.950e-02, test_l2=5.815e-02, test_mse=4.693e-01
epoch 16 of 100
ep 16: t=12.287, train_mse=5.103e-01, train_l2=5.931e-02, test_l2=5.796e-02, test_mse=4.653e-01
epoch 17 of 100
ep 17: t=12.535, train_mse=5.072e-01, train_l2=5.915e-02, test_l2=5.785e-02, test_mse=4.624e-01
epoch 18 of 100
ep 18: t=12.409, train_mse=5.041e-01, train_l2=5.896e-02, test_l2=5.774e-02, test_mse=4.605e-01
epoch 19 of 100
ep 19: t=12.587, train_mse=5.012e-01, train_l2=5.874e-02, test_l2=5.735e-02, test_mse=4.571e-01
epoch 20 of 100
ep 20: t=12.605, train_mse=4.993e-01, train_l2=5.864e-02, test_l2=5.721e-02, test_mse=4.528e-01
epoch 21 of 100
ep 21: t=12.437, train_mse=5.064e-01, train_l2=5.901e-02, test_l2=5.763e-02, test_mse=4.556e-01
epoch 22 of 100
ep 22: t=12.458, train_mse=4.991e-01, train_l2=5.860e-02, test_l2=5.762e-02, test_mse=4.576e-01
epoch 23 of 100
ep 23: t=12.536, train_mse=4.943e-01, train_l2=5.833e-02, test_l2=5.725e-02, test_mse=4.543e-01
epoch 24 of 100
ep 24: t=12.503, train_mse=4.918e-01, train_l2=5.818e-02, test_l2=5.707e-02, test_mse=4.524e-01
epoch 25 of 100
ep 25: t=12.471, train_mse=4.917e-01, train_l2=5.817e-02, test_l2=5.705e-02, test_mse=4.523e-01
epoch 26 of 100
ep 26: t=12.330, train_mse=4.884e-01, train_l2=5.796e-02, test_l2=5.685e-02, test_mse=4.490e-01
epoch 27 of 100
ep 27: t=12.262, train_mse=4.882e-01, train_l2=5.792e-02, test_l2=5.676e-02, test_mse=4.470e-01
epoch 28 of 100
ep 28: t=12.447, train_mse=4.871e-01, train_l2=5.786e-02, test_l2=5.683e-02, test_mse=4.483e-01
epoch 29 of 100
ep 29: t=12.320, train_mse=4.851e-01, train_l2=5.770e-02, test_l2=5.703e-02, test_mse=4.478e-01
epoch 30 of 100
ep 30: t=12.449, train_mse=4.830e-01, train_l2=5.765e-02, test_l2=5.654e-02, test_mse=4.436e-01
epoch 31 of 100
ep 31: t=12.390, train_mse=4.843e-01, train_l2=5.765e-02, test_l2=5.661e-02, test_mse=4.428e-01
epoch 32 of 100
ep 32: t=12.444, train_mse=4.797e-01, train_l2=5.747e-02, test_l2=5.653e-02, test_mse=4.424e-01
epoch 33 of 100
ep 33: t=12.364, train_mse=4.807e-01, train_l2=5.749e-02, test_l2=5.642e-02, test_mse=4.421e-01
epoch 34 of 100
ep 34: t=12.427, train_mse=4.786e-01, train_l2=5.734e-02, test_l2=5.633e-02, test_mse=4.411e-01
epoch 35 of 100
ep 35: t=12.391, train_mse=4.770e-01, train_l2=5.727e-02, test_l2=5.636e-02, test_mse=4.418e-01
epoch 36 of 100
ep 36: t=12.344, train_mse=4.752e-01, train_l2=5.716e-02, test_l2=5.634e-02, test_mse=4.413e-01
epoch 37 of 100
ep 37: t=12.343, train_mse=4.739e-01, train_l2=5.704e-02, test_l2=5.637e-02, test_mse=4.407e-01
epoch 38 of 100
ep 38: t=12.403, train_mse=4.736e-01, train_l2=5.700e-02, test_l2=5.634e-02, test_mse=4.402e-01
epoch 39 of 100
ep 39: t=12.490, train_mse=4.709e-01, train_l2=5.686e-02, test_l2=5.620e-02, test_mse=4.373e-01
epoch 40 of 100
ep 40: t=12.386, train_mse=4.709e-01, train_l2=5.693e-02, test_l2=5.608e-02, test_mse=4.365e-01
epoch 41 of 100
ep 41: t=12.166, train_mse=4.687e-01, train_l2=5.677e-02, test_l2=5.590e-02, test_mse=4.338e-01
epoch 42 of 100
ep 42: t=12.296, train_mse=4.649e-01, train_l2=5.654e-02, test_l2=5.570e-02, test_mse=4.314e-01
epoch 43 of 100
ep 43: t=12.344, train_mse=4.638e-01, train_l2=5.646e-02, test_l2=5.554e-02, test_mse=4.288e-01
epoch 44 of 100
ep 44: t=12.234, train_mse=4.576e-01, train_l2=5.612e-02, test_l2=5.515e-02, test_mse=4.213e-01
epoch 45 of 100
ep 45: t=12.292, train_mse=4.481e-01, train_l2=5.560e-02, test_l2=5.434e-02, test_mse=4.053e-01
epoch 46 of 100
ep 46: t=12.502, train_mse=4.218e-01, train_l2=5.409e-02, test_l2=5.189e-02, test_mse=3.627e-01
epoch 47 of 100
ep 47: t=12.419, train_mse=3.409e-01, train_l2=4.855e-02, test_l2=4.335e-02, test_mse=2.492e-01
epoch 48 of 100
ep 48: t=12.226, train_mse=2.038e-01, train_l2=3.633e-02, test_l2=3.400e-02, test_mse=1.622e-01
epoch 49 of 100
ep 49: t=12.328, train_mse=1.524e-01, train_l2=3.055e-02, test_l2=2.929e-02, test_mse=1.255e-01
epoch 50 of 100
ep 50: t=12.483, train_mse=1.346e-01, train_l2=2.850e-02, test_l2=2.799e-02, test_mse=1.165e-01
epoch 51 of 100
ep 51: t=12.422, train_mse=1.238e-01, train_l2=2.711e-02, test_l2=2.703e-02, test_mse=1.096e-01
epoch 52 of 100
ep 52: t=12.309, train_mse=1.163e-01, train_l2=2.613e-02, test_l2=2.628e-02, test_mse=1.040e-01
epoch 53 of 100
ep 53: t=12.313, train_mse=1.108e-01, train_l2=2.541e-02, test_l2=2.571e-02, test_mse=9.974e-02
epoch 54 of 100
ep 54: t=12.373, train_mse=1.066e-01, train_l2=2.485e-02, test_l2=2.532e-02, test_mse=9.677e-02
epoch 55 of 100
ep 55: t=12.504, train_mse=1.032e-01, train_l2=2.440e-02, test_l2=2.497e-02, test_mse=9.416e-02
epoch 56 of 100
ep 56: t=12.366, train_mse=1.004e-01, train_l2=2.402e-02, test_l2=2.468e-02, test_mse=9.198e-02
epoch 57 of 100
ep 57: t=12.410, train_mse=9.795e-02, train_l2=2.369e-02, test_l2=2.446e-02, test_mse=9.030e-02
epoch 58 of 100
ep 58: t=12.442, train_mse=9.585e-02, train_l2=2.340e-02, test_l2=2.425e-02, test_mse=8.884e-02
epoch 59 of 100
ep 59: t=12.421, train_mse=9.400e-02, train_l2=2.313e-02, test_l2=2.402e-02, test_mse=8.733e-02
epoch 60 of 100
ep 60: t=12.679, train_mse=9.246e-02, train_l2=2.291e-02, test_l2=2.389e-02, test_mse=8.637e-02
epoch 61 of 100
ep 61: t=12.344, train_mse=9.096e-02, train_l2=2.270e-02, test_l2=2.375e-02, test_mse=8.544e-02
epoch 62 of 100
ep 62: t=12.442, train_mse=8.964e-02, train_l2=2.250e-02, test_l2=2.361e-02, test_mse=8.456e-02
epoch 63 of 100
ep 63: t=12.446, train_mse=8.843e-02, train_l2=2.232e-02, test_l2=2.348e-02, test_mse=8.378e-02
epoch 64 of 100
ep 64: t=12.442, train_mse=8.727e-02, train_l2=2.215e-02, test_l2=2.336e-02, test_mse=8.305e-02
epoch 65 of 100
ep 65: t=12.626, train_mse=8.621e-02, train_l2=2.199e-02, test_l2=2.325e-02, test_mse=8.238e-02
epoch 66 of 100
ep 66: t=12.452, train_mse=8.518e-02, train_l2=2.184e-02, test_l2=2.317e-02, test_mse=8.180e-02
epoch 67 of 100
ep 67: t=12.493, train_mse=8.422e-02, train_l2=2.169e-02, test_l2=2.308e-02, test_mse=8.124e-02
epoch 68 of 100
ep 68: t=12.443, train_mse=8.325e-02, train_l2=2.154e-02, test_l2=2.297e-02, test_mse=8.063e-02
epoch 69 of 100
ep 69: t=12.434, train_mse=8.238e-02, train_l2=2.140e-02, test_l2=2.288e-02, test_mse=8.013e-02
epoch 70 of 100
ep 70: t=12.668, train_mse=8.149e-02, train_l2=2.126e-02, test_l2=2.277e-02, test_mse=7.954e-02
epoch 71 of 100
ep 71: t=12.543, train_mse=8.069e-02, train_l2=2.114e-02, test_l2=2.268e-02, test_mse=7.905e-02
epoch 72 of 100
ep 72: t=12.680, train_mse=7.989e-02, train_l2=2.101e-02, test_l2=2.259e-02, test_mse=7.857e-02
epoch 73 of 100
ep 73: t=12.665, train_mse=7.911e-02, train_l2=2.089e-02, test_l2=2.251e-02, test_mse=7.813e-02
epoch 74 of 100
ep 74: t=12.666, train_mse=7.839e-02, train_l2=2.077e-02, test_l2=2.243e-02, test_mse=7.771e-02
epoch 75 of 100
ep 75: t=12.481, train_mse=7.770e-02, train_l2=2.066e-02, test_l2=2.235e-02, test_mse=7.731e-02
epoch 76 of 100
ep 76: t=12.512, train_mse=7.705e-02, train_l2=2.056e-02, test_l2=2.227e-02, test_mse=7.692e-02
epoch 77 of 100
ep 77: t=12.390, train_mse=7.644e-02, train_l2=2.045e-02, test_l2=2.219e-02, test_mse=7.656e-02
epoch 78 of 100
ep 78: t=12.503, train_mse=7.588e-02, train_l2=2.036e-02, test_l2=2.211e-02, test_mse=7.622e-02
epoch 79 of 100
ep 79: t=12.542, train_mse=7.536e-02, train_l2=2.027e-02, test_l2=2.203e-02, test_mse=7.589e-02
epoch 80 of 100
ep 80: t=12.498, train_mse=7.488e-02, train_l2=2.018e-02, test_l2=2.196e-02, test_mse=7.562e-02
epoch 81 of 100
ep 81: t=12.420, train_mse=7.443e-02, train_l2=2.010e-02, test_l2=2.189e-02, test_mse=7.540e-02
epoch 82 of 100
ep 82: t=12.318, train_mse=7.403e-02, train_l2=2.003e-02, test_l2=2.183e-02, test_mse=7.521e-02
epoch 83 of 100
ep 83: t=12.379, train_mse=7.366e-02, train_l2=1.996e-02, test_l2=2.177e-02, test_mse=7.506e-02
epoch 84 of 100
ep 84: t=12.340, train_mse=7.331e-02, train_l2=1.989e-02, test_l2=2.173e-02, test_mse=7.493e-02
epoch 85 of 100
ep 85: t=12.343, train_mse=7.299e-02, train_l2=1.983e-02, test_l2=2.169e-02, test_mse=7.482e-02
epoch 86 of 100
ep 86: t=12.353, train_mse=7.268e-02, train_l2=1.978e-02, test_l2=2.166e-02, test_mse=7.470e-02
epoch 87 of 100
ep 87: t=12.387, train_mse=7.239e-02, train_l2=1.973e-02, test_l2=2.163e-02, test_mse=7.459e-02
epoch 88 of 100
ep 88: t=12.588, train_mse=7.212e-02, train_l2=1.968e-02, test_l2=2.160e-02, test_mse=7.449e-02
epoch 89 of 100
ep 89: t=12.498, train_mse=7.184e-02, train_l2=1.964e-02, test_l2=2.158e-02, test_mse=7.441e-02
epoch 90 of 100
ep 90: t=12.551, train_mse=7.159e-02, train_l2=1.961e-02, test_l2=2.157e-02, test_mse=7.438e-02
epoch 91 of 100
ep 91: t=12.396, train_mse=7.135e-02, train_l2=1.957e-02, test_l2=2.156e-02, test_mse=7.437e-02
epoch 92 of 100
ep 92: t=12.456, train_mse=7.113e-02, train_l2=1.954e-02, test_l2=2.156e-02, test_mse=7.439e-02
epoch 93 of 100
ep 93: t=12.496, train_mse=7.094e-02, train_l2=1.950e-02, test_l2=2.156e-02, test_mse=7.442e-02
epoch 94 of 100
ep 94: t=12.339, train_mse=7.077e-02, train_l2=1.947e-02, test_l2=2.156e-02, test_mse=7.446e-02
epoch 95 of 100
ep 95: t=12.262, train_mse=7.063e-02, train_l2=1.945e-02, test_l2=2.156e-02, test_mse=7.449e-02
epoch 96 of 100
ep 96: t=12.425, train_mse=7.051e-02, train_l2=1.943e-02, test_l2=2.156e-02, test_mse=7.451e-02
epoch 97 of 100
ep 97: t=12.648, train_mse=7.041e-02, train_l2=1.941e-02, test_l2=2.156e-02, test_mse=7.453e-02
epoch 98 of 100
ep 98: t=12.517, train_mse=7.035e-02, train_l2=1.940e-02, test_l2=2.156e-02, test_mse=7.454e-02
epoch 99 of 100
ep 99: t=12.337, train_mse=7.032e-02, train_l2=1.939e-02, test_l2=2.156e-02, test_mse=7.454e-02
