1.13.0+cu117
GPUs:1
/samoa/data/smrserraoseabr/NO-DA
Using cuda for training
Memory usage: 2 GB
preprocessing finished, time used: 0.009090294945053756
Memory usage: 2 GB
epoch 0 of 100
ep 0: t=13.358, train_mse=4.655e-01, train_l2=7.110e-01, test_l2=5.464e-01, test_mse=3.662e-01
epoch 1 of 100
ep 1: t=12.211, train_mse=3.794e-01, train_l2=6.588e-01, test_l2=5.356e-01, test_mse=3.264e-01
epoch 2 of 100
ep 2: t=12.231, train_mse=3.969e-01, train_l2=7.159e-01, test_l2=5.589e-01, test_mse=2.973e-01
epoch 3 of 100
ep 3: t=12.333, train_mse=3.959e-01, train_l2=6.828e-01, test_l2=5.344e-01, test_mse=2.726e-01
epoch 4 of 100
ep 4: t=12.376, train_mse=3.536e-01, train_l2=6.241e-01, test_l2=4.724e-01, test_mse=2.413e-01
epoch 5 of 100
ep 5: t=12.370, train_mse=2.304e-01, train_l2=4.989e-01, test_l2=4.158e-01, test_mse=1.791e-01
epoch 6 of 100
ep 6: t=12.163, train_mse=3.604e-01, train_l2=6.910e-01, test_l2=4.836e-01, test_mse=2.289e-01
epoch 7 of 100
ep 7: t=12.114, train_mse=3.194e-01, train_l2=5.829e-01, test_l2=4.391e-01, test_mse=2.069e-01
epoch 8 of 100
ep 8: t=12.150, train_mse=3.313e-01, train_l2=5.629e-01, test_l2=4.836e-01, test_mse=2.371e-01
epoch 9 of 100
ep 9: t=12.168, train_mse=2.069e-01, train_l2=4.546e-01, test_l2=5.012e-01, test_mse=2.658e-01
epoch 10 of 100
ep 10: t=12.446, train_mse=3.603e-01, train_l2=6.235e-01, test_l2=6.423e-01, test_mse=4.290e-01
epoch 11 of 100
ep 11: t=12.220, train_mse=2.601e-01, train_l2=5.592e-01, test_l2=4.438e-01, test_mse=2.133e-01
epoch 12 of 100
ep 12: t=12.152, train_mse=2.221e-01, train_l2=4.881e-01, test_l2=4.278e-01, test_mse=1.937e-01
epoch 13 of 100
ep 13: t=12.104, train_mse=2.747e-01, train_l2=5.231e-01, test_l2=4.090e-01, test_mse=1.836e-01
epoch 14 of 100
ep 14: t=12.210, train_mse=2.462e-01, train_l2=5.056e-01, test_l2=4.306e-01, test_mse=2.027e-01
epoch 15 of 100
ep 15: t=12.214, train_mse=2.746e-01, train_l2=5.149e-01, test_l2=4.179e-01, test_mse=1.963e-01
epoch 16 of 100
ep 16: t=12.300, train_mse=1.844e-01, train_l2=4.221e-01, test_l2=3.755e-01, test_mse=1.796e-01
epoch 17 of 100
ep 17: t=12.143, train_mse=2.019e-01, train_l2=4.295e-01, test_l2=4.910e-01, test_mse=2.656e-01
epoch 18 of 100
ep 18: t=12.095, train_mse=1.577e-01, train_l2=3.642e-01, test_l2=3.428e-01, test_mse=1.645e-01
epoch 19 of 100
ep 19: t=12.436, train_mse=1.536e-01, train_l2=3.551e-01, test_l2=3.052e-01, test_mse=1.344e-01
epoch 20 of 100
ep 20: t=12.434, train_mse=1.577e-01, train_l2=3.574e-01, test_l2=2.906e-01, test_mse=1.250e-01
epoch 21 of 100
ep 21: t=12.278, train_mse=2.015e-01, train_l2=4.070e-01, test_l2=3.055e-01, test_mse=1.317e-01
epoch 22 of 100
ep 22: t=12.293, train_mse=1.598e-01, train_l2=3.681e-01, test_l2=2.917e-01, test_mse=1.170e-01
epoch 23 of 100
ep 23: t=12.376, train_mse=2.325e-01, train_l2=4.443e-01, test_l2=2.759e-01, test_mse=1.183e-01
epoch 24 of 100
ep 24: t=12.288, train_mse=1.608e-01, train_l2=3.829e-01, test_l2=3.425e-01, test_mse=1.378e-01
epoch 25 of 100
ep 25: t=12.342, train_mse=1.639e-01, train_l2=3.874e-01, test_l2=3.605e-01, test_mse=1.535e-01
epoch 26 of 100
ep 26: t=12.169, train_mse=1.432e-01, train_l2=3.359e-01, test_l2=2.807e-01, test_mse=1.091e-01
epoch 27 of 100
ep 27: t=12.183, train_mse=2.395e-01, train_l2=4.291e-01, test_l2=3.410e-01, test_mse=1.331e-01
epoch 28 of 100
ep 28: t=12.461, train_mse=1.727e-01, train_l2=4.628e-01, test_l2=3.629e-01, test_mse=1.534e-01
epoch 29 of 100
ep 29: t=12.410, train_mse=1.606e-01, train_l2=3.708e-01, test_l2=2.785e-01, test_mse=1.111e-01
epoch 30 of 100
ep 30: t=12.393, train_mse=1.422e-01, train_l2=3.438e-01, test_l2=2.697e-01, test_mse=1.082e-01
epoch 31 of 100
ep 31: t=12.338, train_mse=1.373e-01, train_l2=3.329e-01, test_l2=3.315e-01, test_mse=1.362e-01
epoch 32 of 100
ep 32: t=12.457, train_mse=1.477e-01, train_l2=3.570e-01, test_l2=2.340e-01, test_mse=8.692e-02
epoch 33 of 100
ep 33: t=12.330, train_mse=9.745e-02, train_l2=2.643e-01, test_l2=2.325e-01, test_mse=8.174e-02
epoch 34 of 100
ep 34: t=12.363, train_mse=1.094e-01, train_l2=3.076e-01, test_l2=2.315e-01, test_mse=7.398e-02
epoch 35 of 100
ep 35: t=12.351, train_mse=7.651e-02, train_l2=2.419e-01, test_l2=2.162e-01, test_mse=6.402e-02
epoch 36 of 100
ep 36: t=12.378, train_mse=7.214e-02, train_l2=2.337e-01, test_l2=2.399e-01, test_mse=8.094e-02
epoch 37 of 100
ep 37: t=12.398, train_mse=6.290e-02, train_l2=2.159e-01, test_l2=2.051e-01, test_mse=5.760e-02
epoch 38 of 100
ep 38: t=12.245, train_mse=6.523e-02, train_l2=2.210e-01, test_l2=2.018e-01, test_mse=5.812e-02
epoch 39 of 100
ep 39: t=12.199, train_mse=5.971e-02, train_l2=2.094e-01, test_l2=1.846e-01, test_mse=5.101e-02
epoch 40 of 100
ep 40: t=12.314, train_mse=5.624e-02, train_l2=2.039e-01, test_l2=1.884e-01, test_mse=4.992e-02
epoch 41 of 100
ep 41: t=12.218, train_mse=4.855e-02, train_l2=1.860e-01, test_l2=1.913e-01, test_mse=4.959e-02
epoch 42 of 100
ep 42: t=12.309, train_mse=5.788e-02, train_l2=2.063e-01, test_l2=1.914e-01, test_mse=4.949e-02
epoch 43 of 100
ep 43: t=12.131, train_mse=4.719e-02, train_l2=1.838e-01, test_l2=1.958e-01, test_mse=5.169e-02
epoch 44 of 100
ep 44: t=12.091, train_mse=4.693e-02, train_l2=1.828e-01, test_l2=2.110e-01, test_mse=5.571e-02
epoch 45 of 100
ep 45: t=12.145, train_mse=4.615e-02, train_l2=1.853e-01, test_l2=1.813e-01, test_mse=4.263e-02
epoch 46 of 100
ep 46: t=12.265, train_mse=4.038e-02, train_l2=1.717e-01, test_l2=2.043e-01, test_mse=5.056e-02
epoch 47 of 100
ep 47: t=12.139, train_mse=4.065e-02, train_l2=1.728e-01, test_l2=1.951e-01, test_mse=4.939e-02
epoch 48 of 100
ep 48: t=12.133, train_mse=4.392e-02, train_l2=1.766e-01, test_l2=2.083e-01, test_mse=5.409e-02
epoch 49 of 100
ep 49: t=12.095, train_mse=3.755e-02, train_l2=1.612e-01, test_l2=2.026e-01, test_mse=5.581e-02
epoch 50 of 100
ep 50: t=12.214, train_mse=3.718e-02, train_l2=1.578e-01, test_l2=1.969e-01, test_mse=5.034e-02
epoch 51 of 100
ep 51: t=12.401, train_mse=3.710e-02, train_l2=1.666e-01, test_l2=2.559e-01, test_mse=8.596e-02
epoch 52 of 100
ep 52: t=12.539, train_mse=4.025e-02, train_l2=1.711e-01, test_l2=1.731e-01, test_mse=3.928e-02
epoch 53 of 100
ep 53: t=12.338, train_mse=3.513e-02, train_l2=1.519e-01, test_l2=1.925e-01, test_mse=4.749e-02
epoch 54 of 100
ep 54: t=12.315, train_mse=3.393e-02, train_l2=1.550e-01, test_l2=2.016e-01, test_mse=5.201e-02
epoch 55 of 100
ep 55: t=12.468, train_mse=3.096e-02, train_l2=1.392e-01, test_l2=1.867e-01, test_mse=4.681e-02
epoch 56 of 100
ep 56: t=12.265, train_mse=3.281e-02, train_l2=1.480e-01, test_l2=2.151e-01, test_mse=5.709e-02
epoch 57 of 100
ep 57: t=12.242, train_mse=3.455e-02, train_l2=1.570e-01, test_l2=2.314e-01, test_mse=7.512e-02
epoch 58 of 100
ep 58: t=12.177, train_mse=3.406e-02, train_l2=1.595e-01, test_l2=2.126e-01, test_mse=6.440e-02
epoch 59 of 100
ep 59: t=12.199, train_mse=2.990e-02, train_l2=1.441e-01, test_l2=1.889e-01, test_mse=4.734e-02
epoch 60 of 100
ep 60: t=12.654, train_mse=2.996e-02, train_l2=1.453e-01, test_l2=1.801e-01, test_mse=4.261e-02
epoch 61 of 100
ep 61: t=12.425, train_mse=3.149e-02, train_l2=1.456e-01, test_l2=2.309e-01, test_mse=7.832e-02
epoch 62 of 100
ep 62: t=12.210, train_mse=2.957e-02, train_l2=1.465e-01, test_l2=1.976e-01, test_mse=5.729e-02
epoch 63 of 100
ep 63: t=12.225, train_mse=2.943e-02, train_l2=1.433e-01, test_l2=1.925e-01, test_mse=4.768e-02
epoch 64 of 100
ep 64: t=12.213, train_mse=2.506e-02, train_l2=1.305e-01, test_l2=1.850e-01, test_mse=4.701e-02
epoch 65 of 100
ep 65: t=12.379, train_mse=2.303e-02, train_l2=1.255e-01, test_l2=1.826e-01, test_mse=4.348e-02
epoch 66 of 100
ep 66: t=12.333, train_mse=2.256e-02, train_l2=1.241e-01, test_l2=1.954e-01, test_mse=5.270e-02
epoch 67 of 100
ep 67: t=12.509, train_mse=2.289e-02, train_l2=1.258e-01, test_l2=1.929e-01, test_mse=4.858e-02
epoch 68 of 100
ep 68: t=12.112, train_mse=2.309e-02, train_l2=1.248e-01, test_l2=1.880e-01, test_mse=4.601e-02
epoch 69 of 100
ep 69: t=12.129, train_mse=2.051e-02, train_l2=1.179e-01, test_l2=1.971e-01, test_mse=5.399e-02
epoch 70 of 100
ep 70: t=12.387, train_mse=2.251e-02, train_l2=1.285e-01, test_l2=2.077e-01, test_mse=6.029e-02
epoch 71 of 100
ep 71: t=12.260, train_mse=2.370e-02, train_l2=1.308e-01, test_l2=1.926e-01, test_mse=5.462e-02
epoch 72 of 100
ep 72: t=12.291, train_mse=2.133e-02, train_l2=1.193e-01, test_l2=2.102e-01, test_mse=5.747e-02
epoch 73 of 100
ep 73: t=12.307, train_mse=1.934e-02, train_l2=1.127e-01, test_l2=2.094e-01, test_mse=5.998e-02
epoch 74 of 100
ep 74: t=12.447, train_mse=2.067e-02, train_l2=1.165e-01, test_l2=2.075e-01, test_mse=5.779e-02
epoch 75 of 100
ep 75: t=12.276, train_mse=1.692e-02, train_l2=1.045e-01, test_l2=2.123e-01, test_mse=5.793e-02
epoch 76 of 100
ep 76: t=12.255, train_mse=1.805e-02, train_l2=1.109e-01, test_l2=2.047e-01, test_mse=5.941e-02
epoch 77 of 100
ep 77: t=12.242, train_mse=1.757e-02, train_l2=1.071e-01, test_l2=2.038e-01, test_mse=5.352e-02
epoch 78 of 100
ep 78: t=12.395, train_mse=1.555e-02, train_l2=1.029e-01, test_l2=1.921e-01, test_mse=5.096e-02
epoch 79 of 100
ep 79: t=12.333, train_mse=1.621e-02, train_l2=1.058e-01, test_l2=1.955e-01, test_mse=4.927e-02
epoch 80 of 100
ep 80: t=12.399, train_mse=1.455e-02, train_l2=9.772e-02, test_l2=1.903e-01, test_mse=4.825e-02
epoch 81 of 100
ep 81: t=12.263, train_mse=1.478e-02, train_l2=9.854e-02, test_l2=1.943e-01, test_mse=4.840e-02
epoch 82 of 100
ep 82: t=12.258, train_mse=1.391e-02, train_l2=9.566e-02, test_l2=1.852e-01, test_mse=4.571e-02
epoch 83 of 100
ep 83: t=12.339, train_mse=1.465e-02, train_l2=9.818e-02, test_l2=1.754e-01, test_mse=4.178e-02
epoch 84 of 100
ep 84: t=12.464, train_mse=1.353e-02, train_l2=9.359e-02, test_l2=1.728e-01, test_mse=4.073e-02
epoch 85 of 100
ep 85: t=12.398, train_mse=1.294e-02, train_l2=9.169e-02, test_l2=1.709e-01, test_mse=4.058e-02
epoch 86 of 100
ep 86: t=12.263, train_mse=1.213e-02, train_l2=8.784e-02, test_l2=1.746e-01, test_mse=4.179e-02
epoch 87 of 100
ep 87: t=12.118, train_mse=1.147e-02, train_l2=8.470e-02, test_l2=1.744e-01, test_mse=4.163e-02
epoch 88 of 100
ep 88: t=12.342, train_mse=1.121e-02, train_l2=8.303e-02, test_l2=1.741e-01, test_mse=4.123e-02
epoch 89 of 100
ep 89: t=12.228, train_mse=1.113e-02, train_l2=8.275e-02, test_l2=1.715e-01, test_mse=4.012e-02
epoch 90 of 100
ep 90: t=12.377, train_mse=1.107e-02, train_l2=8.262e-02, test_l2=1.704e-01, test_mse=3.960e-02
epoch 91 of 100
ep 91: t=12.204, train_mse=1.085e-02, train_l2=8.191e-02, test_l2=1.695e-01, test_mse=3.934e-02
epoch 92 of 100
ep 92: t=12.301, train_mse=1.046e-02, train_l2=8.007e-02, test_l2=1.687e-01, test_mse=3.914e-02
epoch 93 of 100
ep 93: t=12.190, train_mse=1.018e-02, train_l2=7.852e-02, test_l2=1.679e-01, test_mse=3.908e-02
epoch 94 of 100
ep 94: t=12.356, train_mse=1.001e-02, train_l2=7.763e-02, test_l2=1.674e-01, test_mse=3.921e-02
epoch 95 of 100
ep 95: t=12.549, train_mse=9.894e-03, train_l2=7.713e-02, test_l2=1.671e-01, test_mse=3.942e-02
epoch 96 of 100
ep 96: t=12.339, train_mse=9.750e-03, train_l2=7.658e-02, test_l2=1.672e-01, test_mse=3.960e-02
epoch 97 of 100
ep 97: t=12.380, train_mse=9.620e-03, train_l2=7.607e-02, test_l2=1.673e-01, test_mse=3.972e-02
epoch 98 of 100
ep 98: t=12.298, train_mse=9.524e-03, train_l2=7.567e-02, test_l2=1.672e-01, test_mse=3.976e-02
epoch 99 of 100
ep 99: t=12.328, train_mse=9.465e-03, train_l2=7.538e-02, test_l2=1.672e-01, test_mse=3.977e-02
