1.13.0+cu117
GPUs:1
/samoa/data/smrserraoseabr/NO-DA
Using cuda for training
Memory usage: 3 GB
preprocessing finished, time used: 0.0008862810209393501
Memory usage: 15 GB
epoch 0 of 300
ep 0: t=79.948, train_mse=6.177e-01, train_l2=6.299e-02, test_l2=5.893e-02, test_mse=7.818e-01
epoch 1 of 300
ep 1: t=79.834, train_mse=4.433e-01, train_l2=5.249e-02, test_l2=3.991e-02, test_mse=4.693e-01
epoch 2 of 300
ep 2: t=80.120, train_mse=1.678e-01, train_l2=2.993e-02, test_l2=2.843e-02, test_mse=3.183e-01
epoch 3 of 300
ep 3: t=80.045, train_mse=1.310e-01, train_l2=2.573e-02, test_l2=2.642e-02, test_mse=2.814e-01
epoch 4 of 300
ep 4: t=80.075, train_mse=1.169e-01, train_l2=2.431e-02, test_l2=2.512e-02, test_mse=2.683e-01
epoch 5 of 300
ep 5: t=80.108, train_mse=1.052e-01, train_l2=2.300e-02, test_l2=2.433e-02, test_mse=2.758e-01
epoch 6 of 300
ep 6: t=80.068, train_mse=9.548e-02, train_l2=2.189e-02, test_l2=2.411e-02, test_mse=2.661e-01
epoch 7 of 300
ep 7: t=80.110, train_mse=1.000e-01, train_l2=2.219e-02, test_l2=2.348e-02, test_mse=2.809e-01
epoch 8 of 300
ep 8: t=80.106, train_mse=8.803e-02, train_l2=2.092e-02, test_l2=2.284e-02, test_mse=2.680e-01
epoch 9 of 300
ep 9: t=80.122, train_mse=8.387e-02, train_l2=2.060e-02, test_l2=2.248e-02, test_mse=2.743e-01
epoch 10 of 300
ep 10: t=80.207, train_mse=8.287e-02, train_l2=1.996e-02, test_l2=2.175e-02, test_mse=2.571e-01
epoch 11 of 300
ep 11: t=80.072, train_mse=7.881e-02, train_l2=1.970e-02, test_l2=2.162e-02, test_mse=2.556e-01
epoch 12 of 300
ep 12: t=80.159, train_mse=7.753e-02, train_l2=1.926e-02, test_l2=2.112e-02, test_mse=2.428e-01
epoch 13 of 300
ep 13: t=80.296, train_mse=7.377e-02, train_l2=1.904e-02, test_l2=2.097e-02, test_mse=2.461e-01
epoch 14 of 300
ep 14: t=80.197, train_mse=7.206e-02, train_l2=1.867e-02, test_l2=2.057e-02, test_mse=2.362e-01
epoch 15 of 300
ep 15: t=80.262, train_mse=7.124e-02, train_l2=1.866e-02, test_l2=2.084e-02, test_mse=2.499e-01
epoch 16 of 300
ep 16: t=80.264, train_mse=6.759e-02, train_l2=1.822e-02, test_l2=2.048e-02, test_mse=2.448e-01
epoch 17 of 300
ep 17: t=80.161, train_mse=6.625e-02, train_l2=1.810e-02, test_l2=2.086e-02, test_mse=2.444e-01
epoch 18 of 300
ep 18: t=80.316, train_mse=7.240e-02, train_l2=1.892e-02, test_l2=2.353e-02, test_mse=2.719e-01
epoch 19 of 300
ep 19: t=80.247, train_mse=6.445e-02, train_l2=1.795e-02, test_l2=2.295e-02, test_mse=2.743e-01
epoch 20 of 300
ep 20: t=80.461, train_mse=6.767e-02, train_l2=1.857e-02, test_l2=2.252e-02, test_mse=2.739e-01
epoch 21 of 300
ep 21: t=80.200, train_mse=6.157e-02, train_l2=1.764e-02, test_l2=2.167e-02, test_mse=2.655e-01
epoch 22 of 300
ep 22: t=80.233, train_mse=6.137e-02, train_l2=1.771e-02, test_l2=2.164e-02, test_mse=2.528e-01
epoch 23 of 300
ep 23: t=80.030, train_mse=6.087e-02, train_l2=1.768e-02, test_l2=2.112e-02, test_mse=2.570e-01
epoch 24 of 300
ep 24: t=80.393, train_mse=5.595e-02, train_l2=1.680e-02, test_l2=2.099e-02, test_mse=2.516e-01
epoch 25 of 300
ep 25: t=80.222, train_mse=5.590e-02, train_l2=1.688e-02, test_l2=2.067e-02, test_mse=2.648e-01
epoch 26 of 300
ep 26: t=80.303, train_mse=5.948e-02, train_l2=1.708e-02, test_l2=1.937e-02, test_mse=2.162e-01
epoch 27 of 300
ep 27: t=80.304, train_mse=5.323e-02, train_l2=1.651e-02, test_l2=2.033e-02, test_mse=2.455e-01
epoch 28 of 300
ep 28: t=80.314, train_mse=5.495e-02, train_l2=1.652e-02, test_l2=2.257e-02, test_mse=2.657e-01
epoch 29 of 300
ep 29: t=80.266, train_mse=6.350e-02, train_l2=1.866e-02, test_l2=2.153e-02, test_mse=2.687e-01
epoch 30 of 300
ep 30: t=80.296, train_mse=5.821e-02, train_l2=1.714e-02, test_l2=2.048e-02, test_mse=2.563e-01
epoch 31 of 300
ep 31: t=80.340, train_mse=5.314e-02, train_l2=1.667e-02, test_l2=2.136e-02, test_mse=2.716e-01
epoch 32 of 300
ep 32: t=80.276, train_mse=5.181e-02, train_l2=1.650e-02, test_l2=2.235e-02, test_mse=2.750e-01
epoch 33 of 300
ep 33: t=80.289, train_mse=5.164e-02, train_l2=1.653e-02, test_l2=2.171e-02, test_mse=2.724e-01
epoch 34 of 300
ep 34: t=80.210, train_mse=5.069e-02, train_l2=1.632e-02, test_l2=2.032e-02, test_mse=2.588e-01
epoch 35 of 300
ep 35: t=80.226, train_mse=4.908e-02, train_l2=1.603e-02, test_l2=2.059e-02, test_mse=2.766e-01
epoch 36 of 300
ep 36: t=80.242, train_mse=5.110e-02, train_l2=1.614e-02, test_l2=2.088e-02, test_mse=2.761e-01
epoch 37 of 300
ep 37: t=80.240, train_mse=5.407e-02, train_l2=1.651e-02, test_l2=2.146e-02, test_mse=2.983e-01
epoch 38 of 300
ep 38: t=80.345, train_mse=5.467e-02, train_l2=1.619e-02, test_l2=2.077e-02, test_mse=2.677e-01
epoch 39 of 300
ep 39: t=80.453, train_mse=5.573e-02, train_l2=1.642e-02, test_l2=1.998e-02, test_mse=2.563e-01
epoch 40 of 300
ep 40: t=80.538, train_mse=4.888e-02, train_l2=1.581e-02, test_l2=2.057e-02, test_mse=2.714e-01
epoch 41 of 300
ep 41: t=80.032, train_mse=4.756e-02, train_l2=1.572e-02, test_l2=2.205e-02, test_mse=2.764e-01
epoch 42 of 300
ep 42: t=80.326, train_mse=4.790e-02, train_l2=1.572e-02, test_l2=1.955e-02, test_mse=2.438e-01
epoch 43 of 300
ep 43: t=80.318, train_mse=4.521e-02, train_l2=1.544e-02, test_l2=2.210e-02, test_mse=2.763e-01
epoch 44 of 300
ep 44: t=80.455, train_mse=4.662e-02, train_l2=1.561e-02, test_l2=1.885e-02, test_mse=2.211e-01
epoch 45 of 300
ep 45: t=80.399, train_mse=4.126e-02, train_l2=1.485e-02, test_l2=2.119e-02, test_mse=2.522e-01
epoch 46 of 300
ep 46: t=80.505, train_mse=4.535e-02, train_l2=1.551e-02, test_l2=1.959e-02, test_mse=2.548e-01
epoch 47 of 300
ep 47: t=80.394, train_mse=4.236e-02, train_l2=1.503e-02, test_l2=1.936e-02, test_mse=2.425e-01
epoch 48 of 300
ep 48: t=80.365, train_mse=4.491e-02, train_l2=1.511e-02, test_l2=1.850e-02, test_mse=2.192e-01
epoch 49 of 300
ep 49: t=80.176, train_mse=4.041e-02, train_l2=1.501e-02, test_l2=1.959e-02, test_mse=2.356e-01
epoch 50 of 300
ep 50: t=80.360, train_mse=4.476e-02, train_l2=1.548e-02, test_l2=2.198e-02, test_mse=2.631e-01
epoch 51 of 300
ep 51: t=80.340, train_mse=4.094e-02, train_l2=1.496e-02, test_l2=2.073e-02, test_mse=2.767e-01
epoch 52 of 300
ep 52: t=80.517, train_mse=3.965e-02, train_l2=1.482e-02, test_l2=2.161e-02, test_mse=2.775e-01
epoch 53 of 300
ep 53: t=80.333, train_mse=4.500e-02, train_l2=1.516e-02, test_l2=1.941e-02, test_mse=2.536e-01
epoch 54 of 300
ep 54: t=80.400, train_mse=4.287e-02, train_l2=1.466e-02, test_l2=1.849e-02, test_mse=2.292e-01
epoch 55 of 300
ep 55: t=80.497, train_mse=4.250e-02, train_l2=1.538e-02, test_l2=2.121e-02, test_mse=2.705e-01
epoch 56 of 300
ep 56: t=80.500, train_mse=3.621e-02, train_l2=1.433e-02, test_l2=2.016e-02, test_mse=2.719e-01
epoch 57 of 300
ep 57: t=80.716, train_mse=3.755e-02, train_l2=1.424e-02, test_l2=1.955e-02, test_mse=2.457e-01
epoch 58 of 300
ep 58: t=80.516, train_mse=3.484e-02, train_l2=1.402e-02, test_l2=2.001e-02, test_mse=2.620e-01
epoch 59 of 300
ep 59: t=80.469, train_mse=3.658e-02, train_l2=1.433e-02, test_l2=1.851e-02, test_mse=2.375e-01
epoch 60 of 300
ep 60: t=80.512, train_mse=3.645e-02, train_l2=1.410e-02, test_l2=1.892e-02, test_mse=2.357e-01
epoch 61 of 300
ep 61: t=80.425, train_mse=3.639e-02, train_l2=1.449e-02, test_l2=2.139e-02, test_mse=2.791e-01
epoch 62 of 300
ep 62: t=80.295, train_mse=3.802e-02, train_l2=1.451e-02, test_l2=2.006e-02, test_mse=2.625e-01
epoch 63 of 300
ep 63: t=80.535, train_mse=3.763e-02, train_l2=1.412e-02, test_l2=1.948e-02, test_mse=2.624e-01
epoch 64 of 300
ep 64: t=80.511, train_mse=3.404e-02, train_l2=1.361e-02, test_l2=1.952e-02, test_mse=2.523e-01
epoch 65 of 300
ep 65: t=80.791, train_mse=3.241e-02, train_l2=1.361e-02, test_l2=1.972e-02, test_mse=2.732e-01
epoch 66 of 300
ep 66: t=80.935, train_mse=3.134e-02, train_l2=1.354e-02, test_l2=1.832e-02, test_mse=2.259e-01
epoch 67 of 300
ep 67: t=80.810, train_mse=3.336e-02, train_l2=1.360e-02, test_l2=2.040e-02, test_mse=2.785e-01
epoch 68 of 300
ep 68: t=80.686, train_mse=3.205e-02, train_l2=1.362e-02, test_l2=1.978e-02, test_mse=2.550e-01
epoch 69 of 300
ep 69: t=80.431, train_mse=3.239e-02, train_l2=1.340e-02, test_l2=2.001e-02, test_mse=2.754e-01
epoch 70 of 300
ep 70: t=80.629, train_mse=3.344e-02, train_l2=1.346e-02, test_l2=1.844e-02, test_mse=2.367e-01
epoch 71 of 300
ep 71: t=80.455, train_mse=3.110e-02, train_l2=1.375e-02, test_l2=2.053e-02, test_mse=2.576e-01
epoch 72 of 300
ep 72: t=80.576, train_mse=3.193e-02, train_l2=1.349e-02, test_l2=2.091e-02, test_mse=2.828e-01
epoch 73 of 300
ep 73: t=80.747, train_mse=3.257e-02, train_l2=1.358e-02, test_l2=2.131e-02, test_mse=3.015e-01
epoch 74 of 300
ep 74: t=80.513, train_mse=3.645e-02, train_l2=1.430e-02, test_l2=2.015e-02, test_mse=2.641e-01
epoch 75 of 300
ep 75: t=80.610, train_mse=4.108e-02, train_l2=1.516e-02, test_l2=1.987e-02, test_mse=2.460e-01
epoch 76 of 300
ep 76: t=80.571, train_mse=3.190e-02, train_l2=1.377e-02, test_l2=1.928e-02, test_mse=2.458e-01
epoch 77 of 300
ep 77: t=80.614, train_mse=3.590e-02, train_l2=1.396e-02, test_l2=1.898e-02, test_mse=2.347e-01
epoch 78 of 300
ep 78: t=80.677, train_mse=2.779e-02, train_l2=1.281e-02, test_l2=1.847e-02, test_mse=2.486e-01
epoch 79 of 300
ep 79: t=80.803, train_mse=2.845e-02, train_l2=1.291e-02, test_l2=1.852e-02, test_mse=2.428e-01
epoch 80 of 300
ep 80: t=81.188, train_mse=2.586e-02, train_l2=1.238e-02, test_l2=1.865e-02, test_mse=2.616e-01
epoch 81 of 300
ep 81: t=81.036, train_mse=2.768e-02, train_l2=1.261e-02, test_l2=1.919e-02, test_mse=2.625e-01
epoch 82 of 300
ep 82: t=81.032, train_mse=3.026e-02, train_l2=1.272e-02, test_l2=1.858e-02, test_mse=2.405e-01
epoch 83 of 300
ep 83: t=80.973, train_mse=2.631e-02, train_l2=1.237e-02, test_l2=1.864e-02, test_mse=2.373e-01
epoch 84 of 300
ep 84: t=80.682, train_mse=2.579e-02, train_l2=1.222e-02, test_l2=1.878e-02, test_mse=2.500e-01
epoch 85 of 300
ep 85: t=80.738, train_mse=2.561e-02, train_l2=1.210e-02, test_l2=1.855e-02, test_mse=2.398e-01
epoch 86 of 300
ep 86: t=80.819, train_mse=2.509e-02, train_l2=1.213e-02, test_l2=1.939e-02, test_mse=2.537e-01
epoch 87 of 300
ep 87: t=80.697, train_mse=2.516e-02, train_l2=1.225e-02, test_l2=1.896e-02, test_mse=2.386e-01
epoch 88 of 300
ep 88: t=80.878, train_mse=2.856e-02, train_l2=1.263e-02, test_l2=1.928e-02, test_mse=2.639e-01
epoch 89 of 300
ep 89: t=80.619, train_mse=2.620e-02, train_l2=1.251e-02, test_l2=1.911e-02, test_mse=2.545e-01
epoch 90 of 300
ep 90: t=80.930, train_mse=2.468e-02, train_l2=1.198e-02, test_l2=1.888e-02, test_mse=2.518e-01
epoch 91 of 300
ep 91: t=80.898, train_mse=2.604e-02, train_l2=1.236e-02, test_l2=1.904e-02, test_mse=2.511e-01
epoch 92 of 300
ep 92: t=80.902, train_mse=2.468e-02, train_l2=1.219e-02, test_l2=1.828e-02, test_mse=2.395e-01
epoch 93 of 300
ep 93: t=81.259, train_mse=2.310e-02, train_l2=1.176e-02, test_l2=1.979e-02, test_mse=2.636e-01
epoch 94 of 300
ep 94: t=80.794, train_mse=2.670e-02, train_l2=1.242e-02, test_l2=1.895e-02, test_mse=2.405e-01
epoch 95 of 300
ep 95: t=80.769, train_mse=2.957e-02, train_l2=1.337e-02, test_l2=1.938e-02, test_mse=2.483e-01
epoch 96 of 300
ep 96: t=81.094, train_mse=2.684e-02, train_l2=1.301e-02, test_l2=1.872e-02, test_mse=2.537e-01
epoch 97 of 300
ep 97: t=80.770, train_mse=2.655e-02, train_l2=1.242e-02, test_l2=1.872e-02, test_mse=2.423e-01
epoch 98 of 300
ep 98: t=80.809, train_mse=2.325e-02, train_l2=1.181e-02, test_l2=1.854e-02, test_mse=2.451e-01
epoch 99 of 300
ep 99: t=80.927, train_mse=2.377e-02, train_l2=1.173e-02, test_l2=1.864e-02, test_mse=2.444e-01
epoch 100 of 300
ep 100: t=80.937, train_mse=2.143e-02, train_l2=1.162e-02, test_l2=1.944e-02, test_mse=2.678e-01
epoch 101 of 300
ep 101: t=80.893, train_mse=2.371e-02, train_l2=1.191e-02, test_l2=1.860e-02, test_mse=2.385e-01
epoch 102 of 300
ep 102: t=81.360, train_mse=2.145e-02, train_l2=1.137e-02, test_l2=1.894e-02, test_mse=2.495e-01
epoch 103 of 300
ep 103: t=80.763, train_mse=2.393e-02, train_l2=1.176e-02, test_l2=1.877e-02, test_mse=2.273e-01
epoch 104 of 300
ep 104: t=80.691, train_mse=2.357e-02, train_l2=1.201e-02, test_l2=1.882e-02, test_mse=2.429e-01
epoch 105 of 300
ep 105: t=81.596, train_mse=2.230e-02, train_l2=1.158e-02, test_l2=1.906e-02, test_mse=2.514e-01
epoch 106 of 300
ep 106: t=81.056, train_mse=2.205e-02, train_l2=1.137e-02, test_l2=1.895e-02, test_mse=2.517e-01
epoch 107 of 300
ep 107: t=80.920, train_mse=2.172e-02, train_l2=1.164e-02, test_l2=1.872e-02, test_mse=2.367e-01
epoch 108 of 300
ep 108: t=80.863, train_mse=2.156e-02, train_l2=1.166e-02, test_l2=1.916e-02, test_mse=2.478e-01
epoch 109 of 300
ep 109: t=80.766, train_mse=2.369e-02, train_l2=1.212e-02, test_l2=1.998e-02, test_mse=2.357e-01
epoch 110 of 300
ep 110: t=81.065, train_mse=2.555e-02, train_l2=1.267e-02, test_l2=2.018e-02, test_mse=2.461e-01
epoch 111 of 300
ep 111: t=80.769, train_mse=2.350e-02, train_l2=1.212e-02, test_l2=1.921e-02, test_mse=2.499e-01
epoch 112 of 300
ep 112: t=80.829, train_mse=2.181e-02, train_l2=1.153e-02, test_l2=1.882e-02, test_mse=2.464e-01
epoch 113 of 300
ep 113: t=80.820, train_mse=2.030e-02, train_l2=1.134e-02, test_l2=1.953e-02, test_mse=2.564e-01
epoch 114 of 300
ep 114: t=80.894, train_mse=1.976e-02, train_l2=1.073e-02, test_l2=1.912e-02, test_mse=2.484e-01
epoch 115 of 300
ep 115: t=81.227, train_mse=1.947e-02, train_l2=1.076e-02, test_l2=1.931e-02, test_mse=2.475e-01
epoch 116 of 300
ep 116: t=80.996, train_mse=1.993e-02, train_l2=1.083e-02, test_l2=1.841e-02, test_mse=2.376e-01
epoch 117 of 300
ep 117: t=80.842, train_mse=1.983e-02, train_l2=1.091e-02, test_l2=1.878e-02, test_mse=2.378e-01
epoch 118 of 300
ep 118: t=80.781, train_mse=2.161e-02, train_l2=1.135e-02, test_l2=1.907e-02, test_mse=2.475e-01
epoch 119 of 300
ep 119: t=80.786, train_mse=1.802e-02, train_l2=1.072e-02, test_l2=1.868e-02, test_mse=2.401e-01
epoch 120 of 300
ep 120: t=80.888, train_mse=1.993e-02, train_l2=1.094e-02, test_l2=2.045e-02, test_mse=2.571e-01
epoch 121 of 300
ep 121: t=81.037, train_mse=2.050e-02, train_l2=1.146e-02, test_l2=1.998e-02, test_mse=2.321e-01
epoch 122 of 300
ep 122: t=80.732, train_mse=2.218e-02, train_l2=1.197e-02, test_l2=1.883e-02, test_mse=2.347e-01
epoch 123 of 300
ep 123: t=80.916, train_mse=2.030e-02, train_l2=1.134e-02, test_l2=1.910e-02, test_mse=2.301e-01
epoch 124 of 300
ep 124: t=80.650, train_mse=1.863e-02, train_l2=1.084e-02, test_l2=1.860e-02, test_mse=2.221e-01
epoch 125 of 300
ep 125: t=80.806, train_mse=1.870e-02, train_l2=1.082e-02, test_l2=1.858e-02, test_mse=2.405e-01
epoch 126 of 300
ep 126: t=81.207, train_mse=1.865e-02, train_l2=1.060e-02, test_l2=1.895e-02, test_mse=2.444e-01
epoch 127 of 300
ep 127: t=80.909, train_mse=1.571e-02, train_l2=9.990e-03, test_l2=1.857e-02, test_mse=2.379e-01
epoch 128 of 300
ep 128: t=81.127, train_mse=1.540e-02, train_l2=9.881e-03, test_l2=1.834e-02, test_mse=2.390e-01
epoch 129 of 300
ep 129: t=81.088, train_mse=1.713e-02, train_l2=1.013e-02, test_l2=1.898e-02, test_mse=2.306e-01
epoch 130 of 300
ep 130: t=81.259, train_mse=1.711e-02, train_l2=1.041e-02, test_l2=1.972e-02, test_mse=2.508e-01
epoch 131 of 300
ep 131: t=81.024, train_mse=2.076e-02, train_l2=1.132e-02, test_l2=2.022e-02, test_mse=2.609e-01
epoch 132 of 300
ep 132: t=80.976, train_mse=1.760e-02, train_l2=1.057e-02, test_l2=1.857e-02, test_mse=2.386e-01
epoch 133 of 300
ep 133: t=81.001, train_mse=1.631e-02, train_l2=1.019e-02, test_l2=1.837e-02, test_mse=2.441e-01
epoch 134 of 300
ep 134: t=80.882, train_mse=1.564e-02, train_l2=9.658e-03, test_l2=1.858e-02, test_mse=2.469e-01
epoch 135 of 300
ep 135: t=80.816, train_mse=1.394e-02, train_l2=9.350e-03, test_l2=1.854e-02, test_mse=2.425e-01
epoch 136 of 300
ep 136: t=80.751, train_mse=1.474e-02, train_l2=9.479e-03, test_l2=1.891e-02, test_mse=2.437e-01
epoch 137 of 300
ep 137: t=80.772, train_mse=1.627e-02, train_l2=9.873e-03, test_l2=1.922e-02, test_mse=2.291e-01
epoch 138 of 300
ep 138: t=80.679, train_mse=1.642e-02, train_l2=1.007e-02, test_l2=1.873e-02, test_mse=2.466e-01
epoch 139 of 300
ep 139: t=80.887, train_mse=1.561e-02, train_l2=9.724e-03, test_l2=1.873e-02, test_mse=2.357e-01
epoch 140 of 300
ep 140: t=81.152, train_mse=1.411e-02, train_l2=9.300e-03, test_l2=1.928e-02, test_mse=2.416e-01
epoch 141 of 300
ep 141: t=80.690, train_mse=1.412e-02, train_l2=9.609e-03, test_l2=1.882e-02, test_mse=2.392e-01
epoch 142 of 300
ep 142: t=80.890, train_mse=1.422e-02, train_l2=9.666e-03, test_l2=1.876e-02, test_mse=2.352e-01
epoch 143 of 300
ep 143: t=80.965, train_mse=1.590e-02, train_l2=1.012e-02, test_l2=1.937e-02, test_mse=2.390e-01
epoch 144 of 300
ep 144: t=80.852, train_mse=1.675e-02, train_l2=1.038e-02, test_l2=1.887e-02, test_mse=2.356e-01
epoch 145 of 300
ep 145: t=80.829, train_mse=1.580e-02, train_l2=1.002e-02, test_l2=1.867e-02, test_mse=2.406e-01
epoch 146 of 300
ep 146: t=80.824, train_mse=1.752e-02, train_l2=1.085e-02, test_l2=1.893e-02, test_mse=2.336e-01
epoch 147 of 300
ep 147: t=81.067, train_mse=1.678e-02, train_l2=1.056e-02, test_l2=2.054e-02, test_mse=2.539e-01
epoch 148 of 300
ep 148: t=81.194, train_mse=1.451e-02, train_l2=9.744e-03, test_l2=1.893e-02, test_mse=2.491e-01
epoch 149 of 300
ep 149: t=80.917, train_mse=1.234e-02, train_l2=8.847e-03, test_l2=1.831e-02, test_mse=2.296e-01
epoch 150 of 300
ep 150: t=80.965, train_mse=1.255e-02, train_l2=8.781e-03, test_l2=1.883e-02, test_mse=2.368e-01
epoch 151 of 300
ep 151: t=80.858, train_mse=1.140e-02, train_l2=8.625e-03, test_l2=1.838e-02, test_mse=2.369e-01
epoch 152 of 300
ep 152: t=81.007, train_mse=1.180e-02, train_l2=8.776e-03, test_l2=1.882e-02, test_mse=2.442e-01
epoch 153 of 300
ep 153: t=81.054, train_mse=1.208e-02, train_l2=8.860e-03, test_l2=1.842e-02, test_mse=2.318e-01
epoch 154 of 300
ep 154: t=80.968, train_mse=1.214e-02, train_l2=8.846e-03, test_l2=1.848e-02, test_mse=2.449e-01
epoch 155 of 300
ep 155: t=81.160, train_mse=1.151e-02, train_l2=8.713e-03, test_l2=1.877e-02, test_mse=2.521e-01
epoch 156 of 300
ep 156: t=82.158, train_mse=1.462e-02, train_l2=9.704e-03, test_l2=1.891e-02, test_mse=2.327e-01
epoch 157 of 300
ep 157: t=82.235, train_mse=1.330e-02, train_l2=9.289e-03, test_l2=1.867e-02, test_mse=2.399e-01
epoch 158 of 300
ep 158: t=82.265, train_mse=1.254e-02, train_l2=9.124e-03, test_l2=1.902e-02, test_mse=2.530e-01
epoch 159 of 300
ep 159: t=81.781, train_mse=1.271e-02, train_l2=9.098e-03, test_l2=2.066e-02, test_mse=2.587e-01
epoch 160 of 300
ep 160: t=81.941, train_mse=1.523e-02, train_l2=9.850e-03, test_l2=1.919e-02, test_mse=2.529e-01
epoch 161 of 300
ep 161: t=81.530, train_mse=1.159e-02, train_l2=8.786e-03, test_l2=2.002e-02, test_mse=2.597e-01
epoch 162 of 300
ep 162: t=81.835, train_mse=1.437e-02, train_l2=9.653e-03, test_l2=1.982e-02, test_mse=2.485e-01
epoch 163 of 300
ep 163: t=81.513, train_mse=1.337e-02, train_l2=9.415e-03, test_l2=1.914e-02, test_mse=2.474e-01
epoch 164 of 300
ep 164: t=81.469, train_mse=1.567e-02, train_l2=1.016e-02, test_l2=2.017e-02, test_mse=2.515e-01
epoch 165 of 300
ep 165: t=81.636, train_mse=1.677e-02, train_l2=1.061e-02, test_l2=1.945e-02, test_mse=2.567e-01
epoch 166 of 300
ep 166: t=81.636, train_mse=1.545e-02, train_l2=9.893e-03, test_l2=2.086e-02, test_mse=2.477e-01
epoch 167 of 300
ep 167: t=81.386, train_mse=1.149e-02, train_l2=8.819e-03, test_l2=1.905e-02, test_mse=2.549e-01
epoch 168 of 300
ep 168: t=81.726, train_mse=1.034e-02, train_l2=8.375e-03, test_l2=1.916e-02, test_mse=2.453e-01
epoch 169 of 300
ep 169: t=81.499, train_mse=1.058e-02, train_l2=8.467e-03, test_l2=1.947e-02, test_mse=2.527e-01
epoch 170 of 300
ep 170: t=82.118, train_mse=1.345e-02, train_l2=9.288e-03, test_l2=1.909e-02, test_mse=2.558e-01
epoch 171 of 300
ep 171: t=80.931, train_mse=1.450e-02, train_l2=9.779e-03, test_l2=1.930e-02, test_mse=2.486e-01
epoch 172 of 300
ep 172: t=81.141, train_mse=1.323e-02, train_l2=9.242e-03, test_l2=1.925e-02, test_mse=2.553e-01
epoch 173 of 300
ep 173: t=81.153, train_mse=1.433e-02, train_l2=9.751e-03, test_l2=1.946e-02, test_mse=2.576e-01
epoch 174 of 300
ep 174: t=81.162, train_mse=1.416e-02, train_l2=9.686e-03, test_l2=1.985e-02, test_mse=2.656e-01
epoch 175 of 300
ep 175: t=81.182, train_mse=1.241e-02, train_l2=9.012e-03, test_l2=1.943e-02, test_mse=2.676e-01
epoch 176 of 300
ep 176: t=81.031, train_mse=1.126e-02, train_l2=8.423e-03, test_l2=1.889e-02, test_mse=2.475e-01
epoch 177 of 300
ep 177: t=81.039, train_mse=9.420e-03, train_l2=7.953e-03, test_l2=1.877e-02, test_mse=2.483e-01
epoch 178 of 300
ep 178: t=80.921, train_mse=9.665e-03, train_l2=7.856e-03, test_l2=1.901e-02, test_mse=2.472e-01
epoch 179 of 300
ep 179: t=81.072, train_mse=8.861e-03, train_l2=7.739e-03, test_l2=1.859e-02, test_mse=2.380e-01
epoch 180 of 300
ep 180: t=81.138, train_mse=8.702e-03, train_l2=7.618e-03, test_l2=1.848e-02, test_mse=2.468e-01
epoch 181 of 300
ep 181: t=80.965, train_mse=9.024e-03, train_l2=7.805e-03, test_l2=1.848e-02, test_mse=2.507e-01
epoch 182 of 300
ep 182: t=81.107, train_mse=9.551e-03, train_l2=7.919e-03, test_l2=1.857e-02, test_mse=2.437e-01
epoch 183 of 300
ep 183: t=80.918, train_mse=9.228e-03, train_l2=7.894e-03, test_l2=1.841e-02, test_mse=2.406e-01
epoch 184 of 300
ep 184: t=81.353, train_mse=9.681e-03, train_l2=8.066e-03, test_l2=1.841e-02, test_mse=2.533e-01
epoch 185 of 300
ep 185: t=81.432, train_mse=9.735e-03, train_l2=8.087e-03, test_l2=1.924e-02, test_mse=2.518e-01
epoch 186 of 300
ep 186: t=81.136, train_mse=9.306e-03, train_l2=7.966e-03, test_l2=1.932e-02, test_mse=2.461e-01
epoch 187 of 300
ep 187: t=81.053, train_mse=9.820e-03, train_l2=8.172e-03, test_l2=1.934e-02, test_mse=2.431e-01
epoch 188 of 300
ep 188: t=80.987, train_mse=1.167e-02, train_l2=8.899e-03, test_l2=1.930e-02, test_mse=2.511e-01
epoch 189 of 300
ep 189: t=81.192, train_mse=1.471e-02, train_l2=9.754e-03, test_l2=1.956e-02, test_mse=2.473e-01
epoch 190 of 300
ep 190: t=81.093, train_mse=1.105e-02, train_l2=8.626e-03, test_l2=1.960e-02, test_mse=2.451e-01
epoch 191 of 300
ep 191: t=80.890, train_mse=9.066e-03, train_l2=7.977e-03, test_l2=1.929e-02, test_mse=2.500e-01
epoch 192 of 300
ep 192: t=81.043, train_mse=7.978e-03, train_l2=7.413e-03, test_l2=1.948e-02, test_mse=2.634e-01
epoch 193 of 300
ep 193: t=81.276, train_mse=8.473e-03, train_l2=7.482e-03, test_l2=1.888e-02, test_mse=2.477e-01
epoch 194 of 300
ep 194: t=81.011, train_mse=7.624e-03, train_l2=7.246e-03, test_l2=1.939e-02, test_mse=2.525e-01
epoch 195 of 300
ep 195: t=81.009, train_mse=8.268e-03, train_l2=7.393e-03, test_l2=1.922e-02, test_mse=2.536e-01
epoch 196 of 300
ep 196: t=81.433, train_mse=8.980e-03, train_l2=7.864e-03, test_l2=1.867e-02, test_mse=2.412e-01
epoch 197 of 300
ep 197: t=81.914, train_mse=9.333e-03, train_l2=7.919e-03, test_l2=1.866e-02, test_mse=2.522e-01
epoch 198 of 300
ep 198: t=81.217, train_mse=9.299e-03, train_l2=7.924e-03, test_l2=1.896e-02, test_mse=2.389e-01
epoch 199 of 300
ep 199: t=82.424, train_mse=1.078e-02, train_l2=8.502e-03, test_l2=1.879e-02, test_mse=2.467e-01
epoch 200 of 300
ep 200: t=82.016, train_mse=9.278e-03, train_l2=7.923e-03, test_l2=1.924e-02, test_mse=2.545e-01
epoch 201 of 300
ep 201: t=82.013, train_mse=1.017e-02, train_l2=8.225e-03, test_l2=1.920e-02, test_mse=2.530e-01
epoch 202 of 300
ep 202: t=82.489, train_mse=8.849e-03, train_l2=7.777e-03, test_l2=1.889e-02, test_mse=2.420e-01
epoch 203 of 300
ep 203: t=81.939, train_mse=9.118e-03, train_l2=7.844e-03, test_l2=1.843e-02, test_mse=2.446e-01
epoch 204 of 300
ep 204: t=81.690, train_mse=8.064e-03, train_l2=7.470e-03, test_l2=1.860e-02, test_mse=2.461e-01
epoch 205 of 300
ep 205: t=82.307, train_mse=7.722e-03, train_l2=7.386e-03, test_l2=1.863e-02, test_mse=2.368e-01
epoch 206 of 300
ep 206: t=82.024, train_mse=7.641e-03, train_l2=7.365e-03, test_l2=1.882e-02, test_mse=2.387e-01
epoch 207 of 300
ep 207: t=82.114, train_mse=7.865e-03, train_l2=7.515e-03, test_l2=1.922e-02, test_mse=2.395e-01
epoch 208 of 300
ep 208: t=81.720, train_mse=8.963e-03, train_l2=7.882e-03, test_l2=1.912e-02, test_mse=2.424e-01
epoch 209 of 300
ep 209: t=81.290, train_mse=8.629e-03, train_l2=7.645e-03, test_l2=1.857e-02, test_mse=2.372e-01
epoch 210 of 300
ep 210: t=81.272, train_mse=6.724e-03, train_l2=6.896e-03, test_l2=1.837e-02, test_mse=2.315e-01
epoch 211 of 300
ep 211: t=80.911, train_mse=5.900e-03, train_l2=6.501e-03, test_l2=1.817e-02, test_mse=2.330e-01
epoch 212 of 300
ep 212: t=81.287, train_mse=5.883e-03, train_l2=6.448e-03, test_l2=1.822e-02, test_mse=2.411e-01
epoch 213 of 300
ep 213: t=81.149, train_mse=5.806e-03, train_l2=6.346e-03, test_l2=1.827e-02, test_mse=2.409e-01
epoch 214 of 300
ep 214: t=81.403, train_mse=5.537e-03, train_l2=6.262e-03, test_l2=1.827e-02, test_mse=2.342e-01
epoch 215 of 300
ep 215: t=81.115, train_mse=5.182e-03, train_l2=6.093e-03, test_l2=1.828e-02, test_mse=2.389e-01
epoch 216 of 300
ep 216: t=81.359, train_mse=5.351e-03, train_l2=6.088e-03, test_l2=1.820e-02, test_mse=2.414e-01
epoch 217 of 300
ep 217: t=81.126, train_mse=5.283e-03, train_l2=6.025e-03, test_l2=1.821e-02, test_mse=2.435e-01
epoch 218 of 300
ep 218: t=81.030, train_mse=4.880e-03, train_l2=5.920e-03, test_l2=1.811e-02, test_mse=2.364e-01
epoch 219 of 300
ep 219: t=80.989, train_mse=4.820e-03, train_l2=5.884e-03, test_l2=1.818e-02, test_mse=2.358e-01
epoch 220 of 300
ep 220: t=82.465, train_mse=4.906e-03, train_l2=5.911e-03, test_l2=1.827e-02, test_mse=2.352e-01
epoch 221 of 300
ep 221: t=82.714, train_mse=4.838e-03, train_l2=5.922e-03, test_l2=1.848e-02, test_mse=2.379e-01
epoch 222 of 300
ep 222: t=82.383, train_mse=5.392e-03, train_l2=6.254e-03, test_l2=1.853e-02, test_mse=2.443e-01
epoch 223 of 300
ep 223: t=81.892, train_mse=5.302e-03, train_l2=6.161e-03, test_l2=1.838e-02, test_mse=2.421e-01
epoch 224 of 300
ep 224: t=81.710, train_mse=5.741e-03, train_l2=6.338e-03, test_l2=1.903e-02, test_mse=2.396e-01
epoch 225 of 300
ep 225: t=81.833, train_mse=5.406e-03, train_l2=6.298e-03, test_l2=1.853e-02, test_mse=2.349e-01
epoch 226 of 300
ep 226: t=81.471, train_mse=5.597e-03, train_l2=6.265e-03, test_l2=1.831e-02, test_mse=2.329e-01
epoch 227 of 300
ep 227: t=81.042, train_mse=5.220e-03, train_l2=6.068e-03, test_l2=1.835e-02, test_mse=2.372e-01
epoch 228 of 300
ep 228: t=81.217, train_mse=4.844e-03, train_l2=5.881e-03, test_l2=1.844e-02, test_mse=2.368e-01
epoch 229 of 300
ep 229: t=80.905, train_mse=4.706e-03, train_l2=5.840e-03, test_l2=1.863e-02, test_mse=2.380e-01
epoch 230 of 300
ep 230: t=81.042, train_mse=4.965e-03, train_l2=5.921e-03, test_l2=1.843e-02, test_mse=2.420e-01
epoch 231 of 300
ep 231: t=81.098, train_mse=4.746e-03, train_l2=5.865e-03, test_l2=1.832e-02, test_mse=2.420e-01
epoch 232 of 300
ep 232: t=81.320, train_mse=4.683e-03, train_l2=5.848e-03, test_l2=1.852e-02, test_mse=2.379e-01
epoch 233 of 300
ep 233: t=81.512, train_mse=4.417e-03, train_l2=5.730e-03, test_l2=1.867e-02, test_mse=2.362e-01
epoch 234 of 300
ep 234: t=80.951, train_mse=4.438e-03, train_l2=5.698e-03, test_l2=1.880e-02, test_mse=2.365e-01
epoch 235 of 300
ep 235: t=81.367, train_mse=4.842e-03, train_l2=5.912e-03, test_l2=1.870e-02, test_mse=2.403e-01
epoch 236 of 300
ep 236: t=82.414, train_mse=5.232e-03, train_l2=6.070e-03, test_l2=1.868e-02, test_mse=2.399e-01
epoch 237 of 300
ep 237: t=81.253, train_mse=4.857e-03, train_l2=5.893e-03, test_l2=1.850e-02, test_mse=2.336e-01
epoch 238 of 300
ep 238: t=81.131, train_mse=4.155e-03, train_l2=5.539e-03, test_l2=1.835e-02, test_mse=2.329e-01
epoch 239 of 300
ep 239: t=81.220, train_mse=3.795e-03, train_l2=5.325e-03, test_l2=1.825e-02, test_mse=2.353e-01
epoch 240 of 300
ep 240: t=81.407, train_mse=3.610e-03, train_l2=5.190e-03, test_l2=1.820e-02, test_mse=2.367e-01
epoch 241 of 300
ep 241: t=81.156, train_mse=3.451e-03, train_l2=5.094e-03, test_l2=1.829e-02, test_mse=2.329e-01
epoch 242 of 300
ep 242: t=80.871, train_mse=3.443e-03, train_l2=5.051e-03, test_l2=1.840e-02, test_mse=2.328e-01
epoch 243 of 300
ep 243: t=81.083, train_mse=3.477e-03, train_l2=5.095e-03, test_l2=1.839e-02, test_mse=2.375e-01
epoch 244 of 300
ep 244: t=81.078, train_mse=3.410e-03, train_l2=5.043e-03, test_l2=1.841e-02, test_mse=2.356e-01
epoch 245 of 300
ep 245: t=80.896, train_mse=3.290e-03, train_l2=4.994e-03, test_l2=1.846e-02, test_mse=2.358e-01
epoch 246 of 300
ep 246: t=80.797, train_mse=3.250e-03, train_l2=4.972e-03, test_l2=1.845e-02, test_mse=2.356e-01
epoch 247 of 300
ep 247: t=80.754, train_mse=3.219e-03, train_l2=4.967e-03, test_l2=1.839e-02, test_mse=2.361e-01
epoch 248 of 300
ep 248: t=80.988, train_mse=3.270e-03, train_l2=4.977e-03, test_l2=1.831e-02, test_mse=2.348e-01
epoch 249 of 300
ep 249: t=81.093, train_mse=3.178e-03, train_l2=4.917e-03, test_l2=1.823e-02, test_mse=2.338e-01
epoch 250 of 300
ep 250: t=80.995, train_mse=3.157e-03, train_l2=4.893e-03, test_l2=1.821e-02, test_mse=2.333e-01
epoch 251 of 300
ep 251: t=81.342, train_mse=3.005e-03, train_l2=4.806e-03, test_l2=1.821e-02, test_mse=2.360e-01
epoch 252 of 300
ep 252: t=81.061, train_mse=3.038e-03, train_l2=4.822e-03, test_l2=1.821e-02, test_mse=2.339e-01
epoch 253 of 300
ep 253: t=80.877, train_mse=3.006e-03, train_l2=4.801e-03, test_l2=1.824e-02, test_mse=2.352e-01
epoch 254 of 300
ep 254: t=81.256, train_mse=2.971e-03, train_l2=4.761e-03, test_l2=1.826e-02, test_mse=2.342e-01
epoch 255 of 300
ep 255: t=81.307, train_mse=2.900e-03, train_l2=4.728e-03, test_l2=1.831e-02, test_mse=2.347e-01
epoch 256 of 300
ep 256: t=81.199, train_mse=2.819e-03, train_l2=4.668e-03, test_l2=1.835e-02, test_mse=2.353e-01
epoch 257 of 300
ep 257: t=81.433, train_mse=2.786e-03, train_l2=4.647e-03, test_l2=1.842e-02, test_mse=2.367e-01
epoch 258 of 300
ep 258: t=81.084, train_mse=2.743e-03, train_l2=4.617e-03, test_l2=1.847e-02, test_mse=2.369e-01
epoch 259 of 300
ep 259: t=81.253, train_mse=2.769e-03, train_l2=4.631e-03, test_l2=1.846e-02, test_mse=2.375e-01
epoch 260 of 300
ep 260: t=81.201, train_mse=2.768e-03, train_l2=4.642e-03, test_l2=1.845e-02, test_mse=2.365e-01
epoch 261 of 300
ep 261: t=81.838, train_mse=2.811e-03, train_l2=4.673e-03, test_l2=1.838e-02, test_mse=2.362e-01
epoch 262 of 300
ep 262: t=81.775, train_mse=2.834e-03, train_l2=4.690e-03, test_l2=1.829e-02, test_mse=2.348e-01
epoch 263 of 300
ep 263: t=81.678, train_mse=2.809e-03, train_l2=4.675e-03, test_l2=1.824e-02, test_mse=2.337e-01
epoch 264 of 300
ep 264: t=81.530, train_mse=2.747e-03, train_l2=4.625e-03, test_l2=1.820e-02, test_mse=2.316e-01
epoch 265 of 300
ep 265: t=81.068, train_mse=2.653e-03, train_l2=4.552e-03, test_l2=1.819e-02, test_mse=2.313e-01
epoch 266 of 300
ep 266: t=81.565, train_mse=2.550e-03, train_l2=4.471e-03, test_l2=1.817e-02, test_mse=2.312e-01
epoch 267 of 300
ep 267: t=81.291, train_mse=2.463e-03, train_l2=4.401e-03, test_l2=1.816e-02, test_mse=2.318e-01
epoch 268 of 300
ep 268: t=81.208, train_mse=2.391e-03, train_l2=4.342e-03, test_l2=1.816e-02, test_mse=2.317e-01
epoch 269 of 300
ep 269: t=81.465, train_mse=2.343e-03, train_l2=4.302e-03, test_l2=1.816e-02, test_mse=2.322e-01
epoch 270 of 300
ep 270: t=81.647, train_mse=2.301e-03, train_l2=4.266e-03, test_l2=1.816e-02, test_mse=2.322e-01
epoch 271 of 300
ep 271: t=81.455, train_mse=2.276e-03, train_l2=4.245e-03, test_l2=1.816e-02, test_mse=2.327e-01
epoch 272 of 300
ep 272: t=81.537, train_mse=2.251e-03, train_l2=4.223e-03, test_l2=1.817e-02, test_mse=2.326e-01
epoch 273 of 300
ep 273: t=81.514, train_mse=2.236e-03, train_l2=4.210e-03, test_l2=1.817e-02, test_mse=2.325e-01
epoch 274 of 300
ep 274: t=81.514, train_mse=2.222e-03, train_l2=4.197e-03, test_l2=1.817e-02, test_mse=2.323e-01
epoch 275 of 300
ep 275: t=81.094, train_mse=2.211e-03, train_l2=4.187e-03, test_l2=1.817e-02, test_mse=2.323e-01
epoch 276 of 300
ep 276: t=81.267, train_mse=2.201e-03, train_l2=4.178e-03, test_l2=1.817e-02, test_mse=2.322e-01
epoch 277 of 300
ep 277: t=81.325, train_mse=2.191e-03, train_l2=4.168e-03, test_l2=1.817e-02, test_mse=2.322e-01
epoch 278 of 300
ep 278: t=81.270, train_mse=2.181e-03, train_l2=4.160e-03, test_l2=1.816e-02, test_mse=2.322e-01
epoch 279 of 300
ep 279: t=81.314, train_mse=2.173e-03, train_l2=4.152e-03, test_l2=1.815e-02, test_mse=2.323e-01
epoch 280 of 300
ep 280: t=81.297, train_mse=2.165e-03, train_l2=4.145e-03, test_l2=1.814e-02, test_mse=2.323e-01
epoch 281 of 300
ep 281: t=81.254, train_mse=2.157e-03, train_l2=4.139e-03, test_l2=1.813e-02, test_mse=2.324e-01
epoch 282 of 300
ep 282: t=81.070, train_mse=2.149e-03, train_l2=4.131e-03, test_l2=1.812e-02, test_mse=2.324e-01
epoch 283 of 300
ep 283: t=81.171, train_mse=2.139e-03, train_l2=4.123e-03, test_l2=1.811e-02, test_mse=2.324e-01
epoch 284 of 300
ep 284: t=81.171, train_mse=2.127e-03, train_l2=4.113e-03, test_l2=1.810e-02, test_mse=2.324e-01
epoch 285 of 300
ep 285: t=81.233, train_mse=2.116e-03, train_l2=4.103e-03, test_l2=1.810e-02, test_mse=2.323e-01
epoch 286 of 300
ep 286: t=81.327, train_mse=2.105e-03, train_l2=4.094e-03, test_l2=1.810e-02, test_mse=2.323e-01
epoch 287 of 300
ep 287: t=81.205, train_mse=2.096e-03, train_l2=4.085e-03, test_l2=1.810e-02, test_mse=2.322e-01
epoch 288 of 300
ep 288: t=81.147, train_mse=2.088e-03, train_l2=4.078e-03, test_l2=1.810e-02, test_mse=2.321e-01
epoch 289 of 300
ep 289: t=81.156, train_mse=2.081e-03, train_l2=4.072e-03, test_l2=1.810e-02, test_mse=2.321e-01
epoch 290 of 300
ep 290: t=81.228, train_mse=2.075e-03, train_l2=4.066e-03, test_l2=1.810e-02, test_mse=2.320e-01
epoch 291 of 300
ep 291: t=81.174, train_mse=2.070e-03, train_l2=4.061e-03, test_l2=1.809e-02, test_mse=2.320e-01
epoch 292 of 300
ep 292: t=81.448, train_mse=2.065e-03, train_l2=4.055e-03, test_l2=1.809e-02, test_mse=2.319e-01
epoch 293 of 300
ep 293: t=81.238, train_mse=2.059e-03, train_l2=4.050e-03, test_l2=1.810e-02, test_mse=2.319e-01
epoch 294 of 300
ep 294: t=81.132, train_mse=2.054e-03, train_l2=4.044e-03, test_l2=1.810e-02, test_mse=2.318e-01
epoch 295 of 300
ep 295: t=81.114, train_mse=2.049e-03, train_l2=4.040e-03, test_l2=1.810e-02, test_mse=2.318e-01
epoch 296 of 300
ep 296: t=81.181, train_mse=2.045e-03, train_l2=4.035e-03, test_l2=1.809e-02, test_mse=2.318e-01
epoch 297 of 300
ep 297: t=81.084, train_mse=2.041e-03, train_l2=4.032e-03, test_l2=1.809e-02, test_mse=2.318e-01
epoch 298 of 300
ep 298: t=81.107, train_mse=2.039e-03, train_l2=4.030e-03, test_l2=1.809e-02, test_mse=2.318e-01
epoch 299 of 300
ep 299: t=81.326, train_mse=2.039e-03, train_l2=4.029e-03, test_l2=1.809e-02, test_mse=2.318e-01
