1.13.0+cu117
GPUs:1
/samoa/data/smrserraoseabr/NO-DA
Using cuda for training
Memory usage: 3 GB
preprocessing finished, time used: 0.0008739600889384747
Memory usage: 4 GB
epoch 0 of 100
ep 0: t=61.143, train_mse=2.561e-01, train_l2=4.864e-01, test_l2=4.403e-01, test_mse=2.502e-01
epoch 1 of 100
ep 1: t=60.324, train_mse=1.591e-01, train_l2=3.817e-01, test_l2=3.115e-01, test_mse=1.407e-01
epoch 2 of 100
ep 2: t=60.760, train_mse=1.317e-01, train_l2=3.406e-01, test_l2=2.422e-01, test_mse=1.055e-01
epoch 3 of 100
ep 3: t=60.672, train_mse=9.247e-02, train_l2=2.719e-01, test_l2=4.600e-01, test_mse=1.753e-01
epoch 4 of 100
ep 4: t=60.543, train_mse=1.103e-01, train_l2=2.936e-01, test_l2=2.449e-01, test_mse=8.659e-02
epoch 5 of 100
ep 5: t=60.582, train_mse=9.602e-02, train_l2=2.710e-01, test_l2=2.373e-01, test_mse=1.022e-01
epoch 6 of 100
ep 6: t=60.759, train_mse=5.893e-02, train_l2=2.106e-01, test_l2=1.796e-01, test_mse=6.313e-02
epoch 7 of 100
ep 7: t=61.213, train_mse=4.589e-02, train_l2=1.837e-01, test_l2=1.625e-01, test_mse=5.882e-02
epoch 8 of 100
ep 8: t=61.932, train_mse=4.703e-02, train_l2=1.881e-01, test_l2=1.908e-01, test_mse=6.633e-02
epoch 9 of 100
ep 9: t=61.201, train_mse=4.781e-02, train_l2=1.903e-01, test_l2=1.814e-01, test_mse=6.049e-02
epoch 10 of 100
ep 10: t=61.262, train_mse=5.510e-02, train_l2=2.074e-01, test_l2=1.556e-01, test_mse=5.690e-02
epoch 11 of 100
ep 11: t=60.944, train_mse=3.971e-02, train_l2=1.707e-01, test_l2=1.754e-01, test_mse=6.063e-02
epoch 12 of 100
ep 12: t=60.632, train_mse=4.107e-02, train_l2=1.733e-01, test_l2=1.589e-01, test_mse=5.795e-02
epoch 13 of 100
ep 13: t=60.644, train_mse=3.710e-02, train_l2=1.617e-01, test_l2=1.493e-01, test_mse=5.406e-02
epoch 14 of 100
ep 14: t=60.606, train_mse=4.126e-02, train_l2=1.714e-01, test_l2=2.388e-01, test_mse=7.684e-02
epoch 15 of 100
ep 15: t=60.596, train_mse=5.475e-02, train_l2=1.948e-01, test_l2=1.652e-01, test_mse=5.921e-02
epoch 16 of 100
ep 16: t=60.602, train_mse=5.866e-02, train_l2=1.971e-01, test_l2=1.657e-01, test_mse=5.675e-02
epoch 17 of 100
ep 17: t=60.632, train_mse=1.196e-01, train_l2=2.234e-01, test_l2=2.088e-01, test_mse=6.658e-02
epoch 18 of 100
ep 18: t=60.776, train_mse=4.692e-02, train_l2=1.888e-01, test_l2=2.182e-01, test_mse=6.293e-02
epoch 19 of 100
ep 19: t=60.662, train_mse=1.070e-01, train_l2=2.433e-01, test_l2=2.106e-01, test_mse=6.865e-02
epoch 20 of 100
ep 20: t=60.852, train_mse=5.027e-02, train_l2=1.957e-01, test_l2=1.570e-01, test_mse=5.785e-02
epoch 21 of 100
ep 21: t=61.038, train_mse=3.299e-02, train_l2=1.489e-01, test_l2=1.401e-01, test_mse=5.166e-02
epoch 22 of 100
ep 22: t=60.901, train_mse=3.266e-02, train_l2=1.476e-01, test_l2=1.590e-01, test_mse=5.354e-02
epoch 23 of 100
ep 23: t=60.679, train_mse=3.013e-02, train_l2=1.392e-01, test_l2=1.382e-01, test_mse=5.043e-02
epoch 24 of 100
ep 24: t=60.650, train_mse=3.075e-02, train_l2=1.435e-01, test_l2=1.301e-01, test_mse=4.648e-02
epoch 25 of 100
ep 25: t=60.621, train_mse=3.074e-02, train_l2=1.424e-01, test_l2=1.422e-01, test_mse=5.164e-02
epoch 26 of 100
ep 26: t=60.689, train_mse=2.866e-02, train_l2=1.371e-01, test_l2=1.367e-01, test_mse=4.700e-02
epoch 27 of 100
ep 27: t=60.761, train_mse=2.795e-02, train_l2=1.326e-01, test_l2=1.544e-01, test_mse=5.460e-02
epoch 28 of 100
ep 28: t=61.156, train_mse=3.035e-02, train_l2=1.445e-01, test_l2=1.382e-01, test_mse=4.784e-02
epoch 29 of 100
ep 29: t=60.813, train_mse=2.825e-02, train_l2=1.358e-01, test_l2=1.507e-01, test_mse=5.113e-02
epoch 30 of 100
ep 30: t=61.126, train_mse=2.932e-02, train_l2=1.403e-01, test_l2=2.060e-01, test_mse=6.849e-02
epoch 31 of 100
ep 31: t=62.612, train_mse=2.843e-02, train_l2=1.369e-01, test_l2=1.385e-01, test_mse=4.943e-02
epoch 32 of 100
ep 32: t=62.027, train_mse=2.600e-02, train_l2=1.283e-01, test_l2=1.360e-01, test_mse=4.653e-02
epoch 33 of 100
ep 33: t=62.746, train_mse=2.595e-02, train_l2=1.276e-01, test_l2=1.407e-01, test_mse=5.066e-02
epoch 34 of 100
ep 34: t=62.538, train_mse=2.501e-02, train_l2=1.251e-01, test_l2=1.296e-01, test_mse=4.661e-02
epoch 35 of 100
ep 35: t=62.204, train_mse=2.474e-02, train_l2=1.235e-01, test_l2=1.398e-01, test_mse=4.977e-02
epoch 36 of 100
ep 36: t=61.648, train_mse=2.442e-02, train_l2=1.237e-01, test_l2=1.311e-01, test_mse=4.721e-02
epoch 37 of 100
ep 37: t=60.985, train_mse=2.511e-02, train_l2=1.274e-01, test_l2=1.465e-01, test_mse=5.172e-02
epoch 38 of 100
ep 38: t=61.364, train_mse=2.351e-02, train_l2=1.194e-01, test_l2=1.267e-01, test_mse=4.529e-02
epoch 39 of 100
ep 39: t=61.343, train_mse=2.341e-02, train_l2=1.196e-01, test_l2=1.307e-01, test_mse=4.774e-02
epoch 40 of 100
ep 40: t=61.793, train_mse=2.335e-02, train_l2=1.212e-01, test_l2=1.408e-01, test_mse=5.019e-02
epoch 41 of 100
ep 41: t=62.279, train_mse=2.347e-02, train_l2=1.203e-01, test_l2=1.276e-01, test_mse=4.683e-02
epoch 42 of 100
ep 42: t=62.593, train_mse=2.241e-02, train_l2=1.178e-01, test_l2=1.207e-01, test_mse=4.477e-02
epoch 43 of 100
ep 43: t=62.782, train_mse=2.224e-02, train_l2=1.164e-01, test_l2=1.321e-01, test_mse=4.534e-02
epoch 44 of 100
ep 44: t=61.844, train_mse=2.197e-02, train_l2=1.144e-01, test_l2=1.230e-01, test_mse=4.529e-02
epoch 45 of 100
ep 45: t=61.604, train_mse=2.238e-02, train_l2=1.186e-01, test_l2=1.234e-01, test_mse=4.551e-02
epoch 46 of 100
ep 46: t=61.018, train_mse=2.106e-02, train_l2=1.132e-01, test_l2=1.434e-01, test_mse=4.890e-02
epoch 47 of 100
ep 47: t=61.627, train_mse=2.157e-02, train_l2=1.151e-01, test_l2=1.210e-01, test_mse=4.755e-02
epoch 48 of 100
ep 48: t=61.667, train_mse=2.005e-02, train_l2=1.074e-01, test_l2=1.180e-01, test_mse=4.389e-02
epoch 49 of 100
ep 49: t=61.595, train_mse=1.974e-02, train_l2=1.068e-01, test_l2=1.163e-01, test_mse=4.601e-02
epoch 50 of 100
ep 50: t=61.254, train_mse=1.946e-02, train_l2=1.057e-01, test_l2=1.349e-01, test_mse=4.739e-02
epoch 51 of 100
ep 51: t=61.033, train_mse=1.948e-02, train_l2=1.059e-01, test_l2=1.182e-01, test_mse=4.469e-02
epoch 52 of 100
ep 52: t=60.793, train_mse=1.908e-02, train_l2=1.064e-01, test_l2=1.235e-01, test_mse=4.543e-02
epoch 53 of 100
ep 53: t=60.831, train_mse=1.914e-02, train_l2=1.054e-01, test_l2=1.194e-01, test_mse=4.398e-02
epoch 54 of 100
ep 54: t=61.038, train_mse=1.914e-02, train_l2=1.074e-01, test_l2=1.213e-01, test_mse=4.376e-02
epoch 55 of 100
ep 55: t=61.014, train_mse=1.842e-02, train_l2=1.037e-01, test_l2=1.247e-01, test_mse=4.623e-02
epoch 56 of 100
ep 56: t=60.909, train_mse=1.842e-02, train_l2=1.042e-01, test_l2=1.154e-01, test_mse=4.251e-02
epoch 57 of 100
ep 57: t=60.896, train_mse=1.776e-02, train_l2=1.003e-01, test_l2=1.187e-01, test_mse=4.569e-02
epoch 58 of 100
ep 58: t=60.867, train_mse=1.732e-02, train_l2=9.852e-02, test_l2=1.130e-01, test_mse=4.364e-02
epoch 59 of 100
ep 59: t=61.076, train_mse=1.706e-02, train_l2=9.808e-02, test_l2=1.186e-01, test_mse=4.432e-02
epoch 60 of 100
ep 60: t=61.187, train_mse=1.688e-02, train_l2=9.743e-02, test_l2=1.132e-01, test_mse=4.304e-02
epoch 61 of 100
ep 61: t=61.412, train_mse=1.694e-02, train_l2=9.732e-02, test_l2=1.187e-01, test_mse=4.465e-02
epoch 62 of 100
ep 62: t=60.886, train_mse=1.637e-02, train_l2=9.583e-02, test_l2=1.104e-01, test_mse=4.227e-02
epoch 63 of 100
ep 63: t=60.974, train_mse=1.600e-02, train_l2=9.409e-02, test_l2=1.135e-01, test_mse=4.332e-02
epoch 64 of 100
ep 64: t=60.893, train_mse=1.574e-02, train_l2=9.239e-02, test_l2=1.077e-01, test_mse=4.232e-02
epoch 65 of 100
ep 65: t=61.800, train_mse=1.566e-02, train_l2=9.363e-02, test_l2=1.099e-01, test_mse=4.154e-02
epoch 66 of 100
ep 66: t=62.364, train_mse=1.525e-02, train_l2=9.187e-02, test_l2=1.041e-01, test_mse=4.171e-02
epoch 67 of 100
ep 67: t=62.229, train_mse=1.516e-02, train_l2=9.031e-02, test_l2=1.115e-01, test_mse=4.245e-02
epoch 68 of 100
ep 68: t=62.476, train_mse=1.486e-02, train_l2=8.851e-02, test_l2=1.054e-01, test_mse=4.129e-02
epoch 69 of 100
ep 69: t=61.675, train_mse=1.466e-02, train_l2=8.890e-02, test_l2=1.090e-01, test_mse=4.157e-02
epoch 70 of 100
ep 70: t=61.989, train_mse=1.447e-02, train_l2=8.849e-02, test_l2=1.073e-01, test_mse=4.126e-02
epoch 71 of 100
ep 71: t=62.078, train_mse=1.427e-02, train_l2=8.824e-02, test_l2=1.044e-01, test_mse=4.085e-02
epoch 72 of 100
ep 72: t=61.679, train_mse=1.386e-02, train_l2=8.531e-02, test_l2=1.067e-01, test_mse=4.052e-02
epoch 73 of 100
ep 73: t=61.851, train_mse=1.379e-02, train_l2=8.460e-02, test_l2=1.052e-01, test_mse=4.049e-02
epoch 74 of 100
ep 74: t=61.775, train_mse=1.361e-02, train_l2=8.428e-02, test_l2=1.060e-01, test_mse=4.053e-02
epoch 75 of 100
ep 75: t=62.255, train_mse=1.344e-02, train_l2=8.459e-02, test_l2=1.035e-01, test_mse=4.038e-02
epoch 76 of 100
ep 76: t=62.667, train_mse=1.318e-02, train_l2=8.248e-02, test_l2=1.048e-01, test_mse=3.997e-02
epoch 77 of 100
ep 77: t=63.314, train_mse=1.306e-02, train_l2=8.141e-02, test_l2=1.052e-01, test_mse=4.000e-02
epoch 78 of 100
ep 78: t=63.652, train_mse=1.293e-02, train_l2=8.101e-02, test_l2=1.022e-01, test_mse=3.947e-02
epoch 79 of 100
ep 79: t=63.631, train_mse=1.275e-02, train_l2=8.120e-02, test_l2=1.024e-01, test_mse=3.964e-02
epoch 80 of 100
ep 80: t=63.427, train_mse=1.261e-02, train_l2=7.991e-02, test_l2=1.012e-01, test_mse=3.916e-02
epoch 81 of 100
ep 81: t=63.830, train_mse=1.246e-02, train_l2=7.889e-02, test_l2=1.035e-01, test_mse=3.939e-02
epoch 82 of 100
ep 82: t=61.706, train_mse=1.236e-02, train_l2=7.828e-02, test_l2=1.004e-01, test_mse=3.863e-02
epoch 83 of 100
ep 83: t=61.805, train_mse=1.219e-02, train_l2=7.781e-02, test_l2=1.011e-01, test_mse=3.899e-02
epoch 84 of 100
ep 84: t=61.658, train_mse=1.207e-02, train_l2=7.702e-02, test_l2=9.959e-02, test_mse=3.872e-02
epoch 85 of 100
ep 85: t=61.580, train_mse=1.196e-02, train_l2=7.632e-02, test_l2=9.991e-02, test_mse=3.887e-02
epoch 86 of 100
ep 86: t=61.645, train_mse=1.186e-02, train_l2=7.601e-02, test_l2=9.934e-02, test_mse=3.862e-02
epoch 87 of 100
ep 87: t=61.559, train_mse=1.176e-02, train_l2=7.519e-02, test_l2=9.925e-02, test_mse=3.871e-02
epoch 88 of 100
ep 88: t=61.433, train_mse=1.168e-02, train_l2=7.496e-02, test_l2=9.906e-02, test_mse=3.861e-02
epoch 89 of 100
ep 89: t=61.325, train_mse=1.159e-02, train_l2=7.449e-02, test_l2=9.871e-02, test_mse=3.860e-02
epoch 90 of 100
ep 90: t=61.478, train_mse=1.152e-02, train_l2=7.415e-02, test_l2=9.838e-02, test_mse=3.851e-02
epoch 91 of 100
ep 91: t=61.586, train_mse=1.146e-02, train_l2=7.378e-02, test_l2=9.809e-02, test_mse=3.850e-02
epoch 92 of 100
ep 92: t=61.516, train_mse=1.140e-02, train_l2=7.354e-02, test_l2=9.776e-02, test_mse=3.845e-02
epoch 93 of 100
ep 93: t=61.533, train_mse=1.135e-02, train_l2=7.327e-02, test_l2=9.754e-02, test_mse=3.845e-02
epoch 94 of 100
ep 94: t=61.739, train_mse=1.131e-02, train_l2=7.309e-02, test_l2=9.735e-02, test_mse=3.844e-02
epoch 95 of 100
ep 95: t=61.612, train_mse=1.128e-02, train_l2=7.292e-02, test_l2=9.728e-02, test_mse=3.845e-02
epoch 96 of 100
ep 96: t=61.420, train_mse=1.126e-02, train_l2=7.280e-02, test_l2=9.725e-02, test_mse=3.845e-02
epoch 97 of 100
ep 97: t=61.551, train_mse=1.124e-02, train_l2=7.270e-02, test_l2=9.722e-02, test_mse=3.846e-02
epoch 98 of 100
ep 98: t=61.271, train_mse=1.122e-02, train_l2=7.263e-02, test_l2=9.721e-02, test_mse=3.846e-02
epoch 99 of 100
ep 99: t=61.253, train_mse=1.122e-02, train_l2=7.259e-02, test_l2=9.720e-02, test_mse=3.846e-02
